

   Time         sum(rTop)     sum(rRoot)    sum(vTop)     sum(vRoot)     sum(vBot)    hTop       hRoot      hBot      A-level
    [T]           [L]           [L]           [L]           [L]            [L]        [L]         [L]       [L] 

     1.00000  0.500000E+01  0.000000E+00  0.235347E+01  0.000000E+00 -0.171913E+01***********      0.000    -17.272       1
     2.00000  0.100000E+02  0.000000E+00  0.300027E+01  0.000000E+00 -0.303710E+01***********      0.000    -23.865       2
     3.00000  0.150000E+02  0.000000E+00  0.344099E+01  0.000000E+00 -0.400355E+01***********      0.000    -29.943       3
     4.00000  0.200000E+02  0.000000E+00  0.378803E+01  0.000000E+00 -0.476324E+01***********      0.000    -35.272       4
     5.00000  0.250000E+02  0.000000E+00  0.407454E+01  0.000000E+00 -0.537573E+01***********      0.000    -39.842       5
     6.00000  0.300000E+02  0.000000E+00  0.431978E+01  0.000000E+00 -0.589795E+01***********      0.000    -44.141       6
     7.00000  0.350000E+02  0.000000E+00  0.453778E+01  0.000000E+00 -0.633852E+01***********      0.000    -47.879       7
     8.00000  0.400000E+02  0.000000E+00  0.473340E+01  0.000000E+00 -0.672926E+01***********      0.000    -51.440       8
     9.00000  0.450000E+02  0.000000E+00  0.491038E+01  0.000000E+00 -0.708099E+01***********      0.000    -54.833       9
    10.00000  0.500000E+02  0.000000E+00  0.507527E+01  0.000000E+00 -0.739599E+01***********      0.000    -57.978      10
    11.00000  0.550000E+02  0.000000E+00  0.522700E+01  0.000000E+00 -0.767804E+01***********      0.000    -60.849      11
    12.00000  0.600000E+02  0.000000E+00  0.536820E+01  0.000000E+00 -0.793829E+01***********      0.000    -63.670      12
    13.00000  0.650000E+02  0.000000E+00  0.550138E+01  0.000000E+00 -0.817895E+01***********      0.000    -66.394      13
    14.00000  0.700000E+02  0.000000E+00  0.562580E+01  0.000000E+00 -0.840094E+01***********      0.000    -68.995      14
    15.00000  0.750000E+02  0.000000E+00  0.574378E+01  0.000000E+00 -0.860651E+01***********      0.000    -71.465      15
    16.00000  0.800000E+02  0.000000E+00  0.585613E+01  0.000000E+00 -0.879664E+01***********      0.000    -73.789      16
    17.00000  0.850000E+02  0.000000E+00  0.596438E+01  0.000000E+00 -0.897277E+01***********      0.000    -75.976      17
    18.00000  0.900000E+02  0.000000E+00  0.606754E+01  0.000000E+00 -0.914048E+01***********      0.000    -78.248      18
    19.00000  0.950000E+02  0.000000E+00  0.616634E+01  0.000000E+00 -0.930072E+01***********      0.000    -80.444      19
    20.00000  0.100000E+03  0.000000E+00  0.626023E+01  0.000000E+00 -0.945354E+01***********      0.000    -82.587      20
    21.00000  0.105000E+03  0.000000E+00  0.635008E+01  0.000000E+00 -0.959903E+01***********      0.000    -84.664      21
    22.00000  0.110000E+03  0.000000E+00  0.643744E+01  0.000000E+00 -0.973762E+01***********      0.000    -86.687      22
    23.00000  0.115000E+03  0.000000E+00  0.652172E+01  0.000000E+00 -0.986914E+01***********      0.000    -88.642      23
    24.00000  0.120000E+03  0.000000E+00  0.660321E+01  0.000000E+00 -0.999411E+01***********      0.000    -90.534      24
    25.00000  0.125000E+03  0.000000E+00  0.668205E+01  0.000000E+00 -0.101127E+02***********      0.000    -92.361      25
    26.00000  0.130000E+03  0.000000E+00  0.675847E+01  0.000000E+00 -0.102250E+02***********      0.000    -94.119      26
    27.00000  0.135000E+03  0.000000E+00  0.683316E+01  0.000000E+00 -0.103312E+02***********      0.000    -95.873      27
    28.00000  0.140000E+03  0.000000E+00  0.690499E+01  0.000000E+00 -0.104335E+02***********      0.000    -97.669      28
    29.00000  0.145000E+03  0.000000E+00  0.697556E+01  0.000000E+00 -0.105324E+02***********      0.000    -99.408      29
    30.00000  0.150000E+03  0.000000E+00  0.704383E+01  0.000000E+00 -0.106280E+02***********      0.000   -101.106      30
    31.00000  0.155000E+03  0.000000E+00  0.711060E+01  0.000000E+00 -0.107207E+02***********      0.000   -102.772      31
    32.00000  0.160000E+03  0.000000E+00  0.717591E+01  0.000000E+00 -0.108104E+02***********      0.000   -104.406      32
    33.00000  0.165000E+03  0.000000E+00  0.723953E+01  0.000000E+00 -0.108973E+02***********      0.000   -106.008      33
    34.00000  0.170000E+03  0.000000E+00  0.730139E+01  0.000000E+00 -0.109814E+02***********      0.000   -107.579      34
    35.00000  0.175000E+03  0.000000E+00  0.736160E+01  0.000000E+00 -0.110627E+02***********      0.000   -109.118      35
    36.00000  0.180000E+03  0.000000E+00  0.742023E+01  0.000000E+00 -0.111414E+02***********      0.000   -110.625      36
    37.00000  0.185000E+03  0.000000E+00  0.747734E+01  0.000000E+00 -0.112175E+02***********      0.000   -112.101      37
    38.00000  0.190000E+03  0.000000E+00  0.753312E+01  0.000000E+00 -0.112910E+02***********      0.000   -113.546      38
    39.00000  0.195000E+03  0.000000E+00  0.758810E+01  0.000000E+00 -0.113619E+02***********      0.000   -114.960      39
    40.00000  0.200000E+03  0.000000E+00  0.764226E+01  0.000000E+00 -0.114306E+02***********      0.000   -116.345      40
    41.00000  0.205000E+03  0.000000E+00  0.769455E+01  0.000000E+00 -0.114969E+02***********      0.000   -117.700      41
    42.00000  0.210000E+03  0.000000E+00  0.774567E+01  0.000000E+00 -0.115606E+02***********      0.000   -119.026      42
    43.00000  0.215000E+03  0.000000E+00  0.779730E+01  0.000000E+00 -0.116223E+02***********      0.000   -120.345      43
    44.00000  0.220000E+03  0.000000E+00  0.784712E+01  0.000000E+00 -0.116822E+02***********      0.000   -121.814      44
    45.00000  0.225000E+03  0.000000E+00  0.789552E+01  0.000000E+00 -0.117410E+02***********      0.000   -123.220      45
    46.00000  0.230000E+03  0.000000E+00  0.794323E+01  0.000000E+00 -0.117985E+02***********      0.000   -124.590      46
    47.00000  0.235000E+03  0.000000E+00  0.799020E+01  0.000000E+00 -0.118549E+02***********      0.000   -125.936      47
    48.00000  0.240000E+03  0.000000E+00  0.803733E+01  0.000000E+00 -0.119100E+02***********      0.000   -127.259      48
    49.00000  0.245000E+03  0.000000E+00  0.808328E+01  0.000000E+00 -0.119641E+02***********      0.000   -128.563      49
    50.00000  0.250000E+03  0.000000E+00  0.812806E+01  0.000000E+00 -0.120170E+02***********      0.000   -129.848      50
    51.00000  0.255000E+03  0.000000E+00  0.817195E+01  0.000000E+00 -0.120689E+02***********      0.000   -131.116      51
    52.00000  0.260000E+03  0.000000E+00  0.821520E+01  0.000000E+00 -0.121197E+02***********      0.000   -132.366      52
    53.00000  0.265000E+03  0.000000E+00  0.825807E+01  0.000000E+00 -0.121695E+02***********      0.000   -133.600      53
    54.00000  0.270000E+03  0.000000E+00  0.830063E+01  0.000000E+00 -0.122182E+02***********      0.000   -134.817      54
    55.00000  0.275000E+03  0.000000E+00  0.834276E+01  0.000000E+00 -0.122659E+02***********      0.000   -136.017      55
    56.00000  0.280000E+03  0.000000E+00  0.838426E+01  0.000000E+00 -0.123126E+02***********      0.000   -137.202      56
    57.00000  0.285000E+03  0.000000E+00  0.842505E+01  0.000000E+00 -0.123583E+02***********      0.000   -138.371      57
    58.00000  0.290000E+03  0.000000E+00  0.846518E+01  0.000000E+00 -0.124030E+02***********      0.000   -139.524      58
    59.00000  0.295000E+03  0.000000E+00  0.850473E+01  0.000000E+00 -0.124467E+02***********      0.000   -140.663      59
    60.00000  0.300000E+03  0.000000E+00  0.854373E+01  0.000000E+00 -0.124895E+02***********      0.000   -141.786      60
    61.00000  0.305000E+03  0.000000E+00  0.858215E+01  0.000000E+00 -0.125314E+02***********      0.000   -142.895      61
    62.00000  0.310000E+03  0.000000E+00  0.861998E+01  0.000000E+00 -0.125723E+02***********      0.000   -143.990      62
    63.00000  0.315000E+03  0.000000E+00  0.865724E+01  0.000000E+00 -0.126123E+02***********      0.000   -145.071      63
    64.00000  0.320000E+03  0.000000E+00  0.869395E+01  0.000000E+00 -0.126514E+02***********      0.000   -146.139      64
    65.00000  0.325000E+03  0.000000E+00  0.873015E+01  0.000000E+00 -0.126896E+02***********      0.000   -147.194      65
    66.00000  0.330000E+03  0.000000E+00  0.876584E+01  0.000000E+00 -0.127269E+02***********      0.000   -148.237      66
    67.00000  0.335000E+03  0.000000E+00  0.880106E+01  0.000000E+00 -0.127633E+02***********      0.000   -149.269      67
    68.00000  0.340000E+03  0.000000E+00  0.883582E+01  0.000000E+00 -0.127988E+02***********      0.000   -150.293      68
    69.00000  0.345000E+03  0.000000E+00  0.887015E+01  0.000000E+00 -0.128335E+02***********      0.000   -151.316      69
    70.00000  0.350000E+03  0.000000E+00  0.890403E+01  0.000000E+00 -0.128674E+02***********      0.000   -152.433      70
    71.00000  0.355000E+03  0.000000E+00  0.893749E+01  0.000000E+00 -0.129008E+02***********      0.000   -153.594      71
    72.00000  0.360000E+03  0.000000E+00  0.897050E+01  0.000000E+00 -0.129337E+02***********      0.000   -154.716      72
    73.00000  0.365000E+03  0.000000E+00  0.900336E+01  0.000000E+00 -0.129663E+02***********      0.000   -155.812      73
    74.00000  0.370000E+03  0.000000E+00  0.903558E+01  0.000000E+00 -0.129984E+02***********      0.000   -156.890      74
    75.00000  0.375000E+03  0.000000E+00  0.906792E+01  0.000000E+00 -0.130301E+02***********      0.000   -157.953      75
    76.00000  0.380000E+03  0.000000E+00  0.909919E+01  0.000000E+00 -0.130613E+02***********      0.000   -159.003      76
    77.00000  0.385000E+03  0.000000E+00  0.913104E+01  0.000000E+00 -0.130922E+02***********      0.000   -160.041      77
    78.00000  0.390000E+03  0.000000E+00  0.916176E+01  0.000000E+00 -0.131227E+02***********      0.000   -161.067      78
    79.00000  0.395000E+03  0.000000E+00  0.919198E+01  0.000000E+00 -0.131527E+02***********      0.000   -162.083      79
    80.00000  0.400000E+03  0.000000E+00  0.922243E+01  0.000000E+00 -0.131824E+02***********      0.000   -163.088      80
    81.00000  0.405000E+03  0.000000E+00  0.925263E+01  0.000000E+00 -0.132117E+02***********      0.000   -164.084      81
    82.00000  0.410000E+03  0.000000E+00  0.928221E+01  0.000000E+00 -0.132406E+02***********      0.000   -165.069      82
    83.00000  0.415000E+03  0.000000E+00  0.931133E+01  0.000000E+00 -0.132691E+02***********      0.000   -166.046      83
    84.00000  0.420000E+03  0.000000E+00  0.934074E+01  0.000000E+00 -0.132973E+02***********      0.000   -167.013      84
    85.00000  0.425000E+03  0.000000E+00  0.936922E+01  0.000000E+00 -0.133251E+02***********      0.000   -167.972      85
    86.00000  0.430000E+03  0.000000E+00  0.939718E+01  0.000000E+00 -0.133525E+02***********      0.000   -168.921      86
    87.00000  0.435000E+03  0.000000E+00  0.942562E+01  0.000000E+00 -0.133795E+02***********      0.000   -169.862      87
    88.00000  0.440000E+03  0.000000E+00  0.945364E+01  0.000000E+00 -0.134062E+02***********      0.000   -170.795      88
    89.00000  0.445000E+03  0.000000E+00  0.948114E+01  0.000000E+00 -0.134325E+02***********      0.000   -171.719      89
    90.00000  0.450000E+03  0.000000E+00  0.950818E+01  0.000000E+00 -0.134584E+02***********      0.000   -172.636      90
    91.00000  0.455000E+03  0.000000E+00  0.953506E+01  0.000000E+00 -0.134840E+02***********      0.000   -173.544      91
    92.00000  0.460000E+03  0.000000E+00  0.956223E+01  0.000000E+00 -0.135093E+02***********      0.000   -174.445      92
    93.00000  0.465000E+03  0.000000E+00  0.958923E+01  0.000000E+00 -0.135342E+02***********      0.000   -175.338      93
    94.00000  0.470000E+03  0.000000E+00  0.961595E+01  0.000000E+00 -0.135588E+02***********      0.000   -176.224      94
    95.00000  0.475000E+03  0.000000E+00  0.964240E+01  0.000000E+00 -0.135830E+02***********      0.000   -177.103      95
    96.00000  0.480000E+03  0.000000E+00  0.966864E+01  0.000000E+00 -0.136068E+02***********      0.000   -177.974      96
    97.00000  0.485000E+03  0.000000E+00  0.969472E+01  0.000000E+00 -0.136304E+02***********      0.000   -178.838      97
    98.00000  0.490000E+03  0.000000E+00  0.972062E+01  0.000000E+00 -0.136536E+02***********      0.000   -179.696      98
    99.00000  0.495000E+03  0.000000E+00  0.974630E+01  0.000000E+00 -0.136764E+02***********      0.000   -180.547      99
   100.00000  0.400001E+03  0.000000E+00 -0.393161E+00  0.000000E+00 -0.136991E+02      0.000      0.000   -181.392     100
   101.00000  0.405001E+03  0.000000E+00  0.206389E+01  0.000000E+00 -0.137213E+02***********      0.000   -182.232     101
   102.00000  0.410001E+03  0.000000E+00  0.267179E+01  0.000000E+00 -0.137433E+02***********      0.000   -183.066     102
   103.00000  0.415001E+03  0.000000E+00  0.306707E+01  0.000000E+00 -0.137649E+02***********      0.000   -183.894     103
   104.00000  0.420001E+03  0.000000E+00  0.336586E+01  0.000000E+00 -0.137863E+02***********      0.000   -184.709     104
   105.00000  0.425001E+03  0.000000E+00  0.360766E+01  0.000000E+00 -0.138073E+02***********      0.000   -185.463     105
   106.00000  0.430001E+03  0.000000E+00  0.381276E+01  0.000000E+00 -0.138280E+02***********      0.000   -186.002     106
   107.00000  0.435001E+03  0.000000E+00  0.399116E+01  0.000000E+00 -0.138486E+02***********      0.000   -186.112     107
   108.00000  0.440001E+03  0.000000E+00  0.415091E+01  0.000000E+00 -0.138693E+02***********      0.000   -185.646     108
   109.00000  0.445001E+03  0.000000E+00  0.429495E+01  0.000000E+00 -0.138904E+02***********      0.000   -184.424     109
   110.00000  0.450001E+03  0.000000E+00  0.442808E+01  0.000000E+00 -0.139121E+02***********      0.000   -182.435     110
   111.00000  0.455001E+03  0.000000E+00  0.454929E+01  0.000000E+00 -0.139349E+02***********      0.000   -179.845     111
   112.00000  0.460001E+03  0.000000E+00  0.466300E+01  0.000000E+00 -0.139588E+02***********      0.000   -176.954     112
   113.00000  0.465001E+03  0.000000E+00  0.476934E+01  0.000000E+00 -0.139838E+02***********      0.000   -173.923     113
   114.00000  0.470001E+03  0.000000E+00  0.486818E+01  0.000000E+00 -0.140100E+02***********      0.000   -170.922     114
   115.00000  0.475001E+03  0.000000E+00  0.496229E+01  0.000000E+00 -0.140372E+02***********      0.000   -168.034     115
   116.00000  0.480001E+03  0.000000E+00  0.505125E+01  0.000000E+00 -0.140655E+02***********      0.000   -165.343     116
   117.00000  0.485001E+03  0.000000E+00  0.513556E+01  0.000000E+00 -0.140947E+02***********      0.000   -162.894     117
   118.00000  0.490001E+03  0.000000E+00  0.521628E+01  0.000000E+00 -0.141249E+02***********      0.000   -160.712     118
   119.00000  0.495001E+03  0.000000E+00  0.529375E+01  0.000000E+00 -0.141558E+02***********      0.000   -158.788     119
   120.00000  0.500001E+03  0.000000E+00  0.536885E+01  0.000000E+00 -0.141874E+02***********      0.000   -157.138     120
   121.00000  0.505001E+03  0.000000E+00  0.544001E+01  0.000000E+00 -0.142197E+02***********      0.000   -155.750     121
   122.00000  0.510001E+03  0.000000E+00  0.551021E+01  0.000000E+00 -0.142525E+02***********      0.000   -154.606     122
   123.00000  0.515000E+03  0.000000E+00  0.557653E+01  0.000000E+00 -0.142857E+02***********      0.000   -153.661     123
   124.00000  0.520000E+03  0.000000E+00  0.564009E+01  0.000000E+00 -0.143192E+02***********      0.000   -152.904     124
   125.00000  0.525000E+03  0.000000E+00  0.570198E+01  0.000000E+00 -0.143529E+02***********      0.000   -152.319     125
   126.00000  0.530000E+03  0.000000E+00  0.576222E+01  0.000000E+00 -0.143868E+02***********      0.000   -151.913     126
   127.00000  0.535000E+03  0.000000E+00  0.582058E+01  0.000000E+00 -0.144209E+02***********      0.000   -151.653     127
   128.00000  0.540000E+03  0.000000E+00  0.587611E+01  0.000000E+00 -0.144552E+02***********      0.000   -151.494     128
   129.00000  0.545000E+03  0.000000E+00  0.593104E+01  0.000000E+00 -0.144896E+02***********      0.000   -151.432     129
   130.00000  0.550000E+03  0.000000E+00  0.598441E+01  0.000000E+00 -0.145240E+02***********      0.000   -151.466     130
   131.00000  0.555000E+03  0.000000E+00  0.603566E+01  0.000000E+00 -0.145582E+02***********      0.000   -151.596     131
   132.00000  0.560000E+03  0.000000E+00  0.608650E+01  0.000000E+00 -0.145924E+02***********      0.000   -151.800     132
   133.00000  0.565000E+03  0.000000E+00  0.613621E+01  0.000000E+00 -0.146263E+02***********      0.000   -152.106     133
   134.00000  0.570000E+03  0.000000E+00  0.618397E+01  0.000000E+00 -0.146600E+02***********      0.000   -152.500     134
   135.00000  0.575000E+03  0.000000E+00  0.623172E+01  0.000000E+00 -0.146936E+02***********      0.000   -152.940     135
   136.00000  0.580000E+03  0.000000E+00  0.627844E+01  0.000000E+00 -0.147270E+02***********      0.000   -153.427     136
   137.00000  0.585000E+03  0.000000E+00  0.632383E+01  0.000000E+00 -0.147602E+02***********      0.000   -153.955     137
   138.00000  0.590000E+03  0.000000E+00  0.636811E+01  0.000000E+00 -0.147932E+02***********      0.000   -154.517     138
   139.00000  0.595000E+03  0.000000E+00  0.641141E+01  0.000000E+00 -0.148259E+02***********      0.000   -155.111     139
   140.00000  0.600000E+03  0.000000E+00  0.645403E+01  0.000000E+00 -0.148584E+02***********      0.000   -155.732     140
   141.00000  0.605000E+03  0.000000E+00  0.649618E+01  0.000000E+00 -0.148907E+02***********      0.000   -156.378     141
   142.00000  0.610000E+03  0.000000E+00  0.653783E+01  0.000000E+00 -0.149227E+02***********      0.000   -157.047     142
   143.00000  0.615000E+03  0.000000E+00  0.657880E+01  0.000000E+00 -0.149544E+02***********      0.000   -157.735     143
   144.00000  0.620000E+03  0.000000E+00  0.661893E+01  0.000000E+00 -0.149859E+02***********      0.000   -158.440     144
   145.00000  0.625000E+03  0.000000E+00  0.665826E+01  0.000000E+00 -0.150171E+02***********      0.000   -159.160     145
   146.00000  0.630000E+03  0.000000E+00  0.669688E+01  0.000000E+00 -0.150480E+02***********      0.000   -159.894     146
   147.00000  0.635000E+03  0.000000E+00  0.673483E+01  0.000000E+00 -0.150786E+02***********      0.000   -160.640     147
   148.00000  0.640000E+03  0.000000E+00  0.677210E+01  0.000000E+00 -0.151089E+02***********      0.000   -161.396     148
   149.00000  0.645000E+03  0.000000E+00  0.680870E+01  0.000000E+00 -0.151389E+02***********      0.000   -162.161     149
   150.00000  0.650000E+03  0.000000E+00  0.684467E+01  0.000000E+00 -0.151686E+02***********      0.000   -162.934     150
   151.00000  0.655000E+03  0.000000E+00  0.688005E+01  0.000000E+00 -0.151980E+02***********      0.000   -163.713     151
   152.00000  0.660000E+03  0.000000E+00  0.691488E+01  0.000000E+00 -0.152272E+02***********      0.000   -164.498     152
   153.00000  0.665000E+03  0.000000E+00  0.694917E+01  0.000000E+00 -0.152560E+02***********      0.000   -165.287     153
   154.00000  0.670000E+03  0.000000E+00  0.698294E+01  0.000000E+00 -0.152845E+02***********      0.000   -166.081     154
   155.00000  0.675000E+03  0.000000E+00  0.701621E+01  0.000000E+00 -0.153126E+02***********      0.000   -166.877     155
   156.00000  0.680000E+03  0.000000E+00  0.704901E+01  0.000000E+00 -0.153405E+02***********      0.000   -167.676     156
   157.00000  0.685000E+03  0.000000E+00  0.708155E+01  0.000000E+00 -0.153681E+02***********      0.000   -168.477     157
   158.00000  0.690000E+03  0.000000E+00  0.711361E+01  0.000000E+00 -0.153953E+02***********      0.000   -169.279     158
   159.00000  0.695000E+03  0.000000E+00  0.714510E+01  0.000000E+00 -0.154223E+02***********      0.000   -170.082     159
   160.00000  0.700000E+03  0.000000E+00  0.717585E+01  0.000000E+00 -0.154489E+02***********      0.000   -170.885     160
   161.00000  0.705000E+03  0.000000E+00  0.720733E+01  0.000000E+00 -0.154752E+02***********      0.000   -171.688     161
   162.00000  0.710000E+03  0.000000E+00  0.723786E+01  0.000000E+00 -0.155012E+02***********      0.000   -172.490     162
   163.00000  0.715000E+03  0.000000E+00  0.726746E+01  0.000000E+00 -0.155269E+02***********      0.000   -173.292     163
   164.00000  0.720000E+03  0.000000E+00  0.729741E+01  0.000000E+00 -0.155523E+02***********      0.000   -174.092     164
   165.00000  0.725000E+03  0.000000E+00  0.732702E+01  0.000000E+00 -0.155773E+02***********      0.000   -174.891     165
   166.00000  0.730000E+03  0.000000E+00  0.735548E+01  0.000000E+00 -0.156021E+02***********      0.000   -175.688     166
   167.00000  0.735000E+03  0.000000E+00  0.738481E+01  0.000000E+00 -0.156265E+02***********      0.000   -176.483     167
   168.00000  0.740000E+03  0.000000E+00  0.741279E+01  0.000000E+00 -0.156507E+02***********      0.000   -177.276     168
   169.00000  0.745000E+03  0.000000E+00  0.744065E+01  0.000000E+00 -0.156745E+02***********      0.000   -178.066     169
   170.00000  0.750000E+03  0.000000E+00  0.746802E+01  0.000000E+00 -0.156980E+02***********      0.000   -178.854     170
   171.00000  0.755000E+03  0.000000E+00  0.749536E+01  0.000000E+00 -0.157213E+02***********      0.000   -179.639     171
   172.00000  0.760000E+03  0.000000E+00  0.752270E+01  0.000000E+00 -0.157442E+02***********      0.000   -180.422     172
   173.00000  0.765000E+03  0.000000E+00  0.754990E+01  0.000000E+00 -0.157668E+02***********      0.000   -181.202     173
   174.00000  0.770000E+03  0.000000E+00  0.757668E+01  0.000000E+00 -0.157891E+02***********      0.000   -181.979     174
   175.00000  0.775000E+03  0.000000E+00  0.760317E+01  0.000000E+00 -0.158111E+02***********      0.000   -182.753     175
   176.00000  0.780000E+03  0.000000E+00  0.762950E+01  0.000000E+00 -0.158328E+02***********      0.000   -183.525     176
   177.00000  0.785000E+03  0.000000E+00  0.765568E+01  0.000000E+00 -0.158542E+02***********      0.000   -184.293     177
   178.00000  0.790000E+03  0.000000E+00  0.768167E+01  0.000000E+00 -0.158753E+02***********      0.000   -185.059     178
   179.00000  0.795000E+03  0.000000E+00  0.770741E+01  0.000000E+00 -0.158961E+02***********      0.000   -185.822     179
   180.00000  0.800000E+03  0.000000E+00  0.773292E+01  0.000000E+00 -0.159166E+02***********      0.000   -186.583     180
   181.00000  0.805000E+03  0.000000E+00  0.775820E+01  0.000000E+00 -0.159368E+02***********      0.000   -187.342     181
   182.00000  0.810000E+03  0.000000E+00  0.778325E+01  0.000000E+00 -0.159568E+02***********      0.000   -188.099     182
   183.00000  0.815000E+03  0.000000E+00  0.780808E+01  0.000000E+00 -0.159764E+02***********      0.000   -188.855     183
   184.00000  0.820000E+03  0.000000E+00  0.783268E+01  0.000000E+00 -0.159957E+02***********      0.000   -189.612     184
   185.00000  0.825000E+03  0.000000E+00  0.785704E+01  0.000000E+00 -0.160148E+02***********      0.000   -190.372     185
   186.00000  0.830000E+03  0.000000E+00  0.788118E+01  0.000000E+00 -0.160335E+02***********      0.000   -191.142     186
   187.00000  0.835000E+03  0.000000E+00  0.790509E+01  0.000000E+00 -0.160520E+02***********      0.000   -191.980     187
   188.00000  0.840000E+03  0.000000E+00  0.792877E+01  0.000000E+00 -0.160702E+02***********      0.000   -192.900     188
   189.00000  0.845000E+03  0.000000E+00  0.795224E+01  0.000000E+00 -0.160883E+02***********      0.000   -193.781     189
   190.00000  0.850000E+03  0.000000E+00  0.797548E+01  0.000000E+00 -0.161063E+02***********      0.000   -194.640     190
   191.00000  0.855000E+03  0.000000E+00  0.799852E+01  0.000000E+00 -0.161241E+02***********      0.000   -195.485     191
   192.00000  0.860000E+03  0.000000E+00  0.802135E+01  0.000000E+00 -0.161418E+02***********      0.000   -196.320     192
   193.00000  0.865000E+03  0.000000E+00  0.804396E+01  0.000000E+00 -0.161593E+02***********      0.000   -197.146     193
   194.00000  0.870000E+03  0.000000E+00  0.806638E+01  0.000000E+00 -0.161767E+02***********      0.000   -197.964     194
   195.00000  0.875000E+03  0.000000E+00  0.808861E+01  0.000000E+00 -0.161939E+02***********      0.000   -198.776     195
   196.00000  0.880000E+03  0.000000E+00  0.811065E+01  0.000000E+00 -0.162110E+02***********      0.000   -199.581     196
   197.00000  0.885000E+03  0.000000E+00  0.813252E+01  0.000000E+00 -0.162280E+02***********      0.000   -200.380     197
   198.00000  0.890000E+03  0.000000E+00  0.815421E+01  0.000000E+00 -0.162448E+02***********      0.000   -201.174     198
   199.00000  0.895000E+03  0.000000E+00  0.817573E+01  0.000000E+00 -0.162615E+02***********      0.000   -201.963     199
   200.00000  0.800000E+03  0.000000E+00 -0.200442E+01  0.000000E+00 -0.162781E+02      0.000      0.000   -202.748     200
   201.00000  0.805000E+03  0.000000E+00  0.450450E+00  0.000000E+00 -0.162946E+02***********      0.000   -203.528     201
   202.00000  0.810000E+03  0.000000E+00  0.105002E+01  0.000000E+00 -0.163109E+02***********      0.000   -204.303     202
   203.00000  0.815000E+03  0.000000E+00  0.144038E+01  0.000000E+00 -0.163271E+02***********      0.000   -205.073     203
   204.00000  0.820000E+03  0.000000E+00  0.173481E+01  0.000000E+00 -0.163432E+02***********      0.000   -205.838     204
   205.00000  0.825000E+03  0.000000E+00  0.197086E+01  0.000000E+00 -0.163591E+02***********      0.000   -206.581     205
   206.00000  0.830000E+03  0.000000E+00  0.217271E+01  0.000000E+00 -0.163749E+02***********      0.000   -207.222     206
   207.00000  0.835000E+03  0.000000E+00  0.234921E+01  0.000000E+00 -0.163906E+02***********      0.000   -207.640     207
   208.00000  0.840000E+03  0.000000E+00  0.250461E+01  0.000000E+00 -0.164063E+02***********      0.000   -207.691     208
   209.00000  0.845000E+03  0.000000E+00  0.264471E+01  0.000000E+00 -0.164220E+02***********      0.000   -207.204     209
   210.00000  0.850000E+03  0.000000E+00  0.277438E+01  0.000000E+00 -0.164379E+02***********      0.000   -206.092     210
   211.00000  0.855000E+03  0.000000E+00  0.289279E+01  0.000000E+00 -0.164540E+02***********      0.000   -204.341     211
   212.00000  0.860000E+03  0.000000E+00  0.300147E+01  0.000000E+00 -0.164706E+02***********      0.000   -202.125     212
   213.00000  0.865000E+03  0.000000E+00  0.310568E+01  0.000000E+00 -0.164875E+02***********      0.000   -199.580     213
   214.00000  0.870000E+03  0.000000E+00  0.320302E+01  0.000000E+00 -0.165049E+02***********      0.000   -196.797     214
   215.00000  0.875000E+03  0.000000E+00  0.329379E+01  0.000000E+00 -0.165227E+02***********      0.000   -193.908     215
   216.00000  0.880000E+03  0.000000E+00  0.337973E+01  0.000000E+00 -0.165411E+02***********      0.000   -191.247     216
   217.00000  0.885000E+03  0.000000E+00  0.346151E+01  0.000000E+00 -0.165603E+02***********      0.000   -188.788     217
   218.00000  0.890000E+03  0.000000E+00  0.354025E+01  0.000000E+00 -0.165804E+02***********      0.000   -186.305     218
   219.00000  0.895000E+03  0.000000E+00  0.361569E+01  0.000000E+00 -0.166015E+02***********      0.000   -183.940     219
   220.00000  0.900000E+03  0.000000E+00  0.368645E+01  0.000000E+00 -0.166235E+02***********      0.000   -181.765     220
   221.00000  0.905000E+03  0.000000E+00  0.375696E+01  0.000000E+00 -0.166464E+02***********      0.000   -179.801     221
   222.00000  0.910000E+03  0.000000E+00  0.382388E+01  0.000000E+00 -0.166700E+02***********      0.000   -178.052     222
   223.00000  0.915000E+03  0.000000E+00  0.388780E+01  0.000000E+00 -0.166942E+02***********      0.000   -176.502     223
   224.00000  0.920000E+03  0.000000E+00  0.394961E+01  0.000000E+00 -0.167190E+02***********      0.000   -175.147     224
   225.00000  0.925000E+03  0.000000E+00  0.400940E+01  0.000000E+00 -0.167443E+02***********      0.000   -173.977     225
   226.00000  0.930000E+03  0.000000E+00  0.406696E+01  0.000000E+00 -0.167699E+02***********      0.000   -172.978     226
   227.00000  0.935000E+03  0.000000E+00  0.412315E+01  0.000000E+00 -0.167959E+02***********      0.000   -172.132     227
   228.00000  0.940000E+03  0.000000E+00  0.417721E+01  0.000000E+00 -0.168222E+02***********      0.000   -171.434     228
   229.00000  0.945000E+03  0.000000E+00  0.423011E+01  0.000000E+00 -0.168486E+02***********      0.000   -170.853     229
   230.00000  0.950000E+03  0.000000E+00  0.428180E+01  0.000000E+00 -0.168753E+02***********      0.000   -170.397     230
   231.00000  0.955000E+03  0.000000E+00  0.433161E+01  0.000000E+00 -0.169022E+02***********      0.000   -170.051     231
   232.00000  0.960000E+03  0.000000E+00  0.438007E+01  0.000000E+00 -0.169291E+02***********      0.000   -169.803     232
   233.00000  0.965000E+03  0.000000E+00  0.442745E+01  0.000000E+00 -0.169561E+02***********      0.000   -169.644     233
   234.00000  0.970000E+03  0.000000E+00  0.447382E+01  0.000000E+00 -0.169832E+02***********      0.000   -169.567     234
   235.00000  0.975000E+03  0.000000E+00  0.451954E+01  0.000000E+00 -0.170102E+02***********      0.000   -169.568     235
   236.00000  0.980000E+03  0.000000E+00  0.456440E+01  0.000000E+00 -0.170373E+02***********      0.000   -169.634     236
   237.00000  0.985000E+03  0.000000E+00  0.460833E+01  0.000000E+00 -0.170643E+02***********      0.000   -169.759     237
   238.00000  0.990000E+03  0.000000E+00  0.465130E+01  0.000000E+00 -0.170912E+02***********      0.000   -169.939     238
   239.00000  0.995000E+03  0.000000E+00  0.469344E+01  0.000000E+00 -0.171181E+02***********      0.000   -170.167     239
   240.00000  0.100000E+04  0.000000E+00  0.473488E+01  0.000000E+00 -0.171448E+02***********      0.000   -170.440     240
   241.00000  0.100500E+04  0.000000E+00  0.477566E+01  0.000000E+00 -0.171715E+02***********      0.000   -170.754     241
   242.00000  0.101000E+04  0.000000E+00  0.481569E+01  0.000000E+00 -0.171980E+02***********      0.000   -171.104     242
   243.00000  0.101500E+04  0.000000E+00  0.485490E+01  0.000000E+00 -0.172243E+02***********      0.000   -171.488     243
   244.00000  0.102000E+04  0.000000E+00  0.489332E+01  0.000000E+00 -0.172505E+02***********      0.000   -171.902     244
   245.00000  0.102500E+04  0.000000E+00  0.493099E+01  0.000000E+00 -0.172765E+02***********      0.000   -172.344     245
   246.00000  0.103000E+04  0.000000E+00  0.496794E+01  0.000000E+00 -0.173024E+02***********      0.000   -172.811     246
   247.00000  0.103500E+04  0.000000E+00  0.500420E+01  0.000000E+00 -0.173280E+02***********      0.000   -173.300     247
   248.00000  0.104000E+04  0.000000E+00  0.503980E+01  0.000000E+00 -0.173535E+02***********      0.000   -173.811     248
   249.00000  0.104500E+04  0.000000E+00  0.507480E+01  0.000000E+00 -0.173787E+02***********      0.000   -174.340     249
   250.00000  0.105000E+04  0.000000E+00  0.510921E+01  0.000000E+00 -0.174038E+02***********      0.000   -174.887     250
   251.00000  0.105500E+04  0.000000E+00  0.514305E+01  0.000000E+00 -0.174286E+02***********      0.000   -175.449     251
   252.00000  0.106000E+04  0.000000E+00  0.517635E+01  0.000000E+00 -0.174532E+02***********      0.000   -176.026     252
   253.00000  0.106500E+04  0.000000E+00  0.520913E+01  0.000000E+00 -0.174776E+02***********      0.000   -176.615     253
   254.00000  0.107000E+04  0.000000E+00  0.524166E+01  0.000000E+00 -0.175017E+02***********      0.000   -177.215     254
   255.00000  0.107500E+04  0.000000E+00  0.527361E+01  0.000000E+00 -0.175256E+02***********      0.000   -177.826     255
   256.00000  0.108000E+04  0.000000E+00  0.530505E+01  0.000000E+00 -0.175493E+02***********      0.000   -178.446     256
   257.00000  0.108500E+04  0.000000E+00  0.533557E+01  0.000000E+00 -0.175727E+02***********      0.000   -179.074     257
   258.00000  0.109000E+04  0.000000E+00  0.536700E+01  0.000000E+00 -0.175959E+02***********      0.000   -179.710     258
   259.00000  0.109500E+04  0.000000E+00  0.539703E+01  0.000000E+00 -0.176188E+02***********      0.000   -180.352     259
   260.00000  0.110000E+04  0.000000E+00  0.542772E+01  0.000000E+00 -0.176415E+02***********      0.000   -181.001     260
   261.00000  0.110500E+04  0.000000E+00  0.545697E+01  0.000000E+00 -0.176639E+02***********      0.000   -181.654     261
   262.00000  0.111000E+04  0.000000E+00  0.548514E+01  0.000000E+00 -0.176861E+02***********      0.000   -182.312     262
   263.00000  0.111500E+04  0.000000E+00  0.551399E+01  0.000000E+00 -0.177080E+02***********      0.000   -182.975     263
   264.00000  0.112000E+04  0.000000E+00  0.554239E+01  0.000000E+00 -0.177297E+02***********      0.000   -183.641     264
   265.00000  0.112500E+04  0.000000E+00  0.557063E+01  0.000000E+00 -0.177510E+02***********      0.000   -184.310     265
   266.00000  0.113000E+04  0.000000E+00  0.559842E+01  0.000000E+00 -0.177722E+02***********      0.000   -184.982     266
   267.00000  0.113500E+04  0.000000E+00  0.562540E+01  0.000000E+00 -0.177930E+02***********      0.000   -185.656     267
   268.00000  0.114000E+04  0.000000E+00  0.565284E+01  0.000000E+00 -0.178136E+02***********      0.000   -186.333     268
   269.00000  0.114500E+04  0.000000E+00  0.567979E+01  0.000000E+00 -0.178340E+02***********      0.000   -187.012     269
   270.00000  0.115000E+04  0.000000E+00  0.570644E+01  0.000000E+00 -0.178541E+02***********      0.000   -187.693     270
   271.00000  0.115500E+04  0.000000E+00  0.573290E+01  0.000000E+00 -0.178739E+02***********      0.000   -188.376     271
   272.00000  0.116000E+04  0.000000E+00  0.575921E+01  0.000000E+00 -0.178934E+02***********      0.000   -189.062     272
   273.00000  0.116500E+04  0.000000E+00  0.578532E+01  0.000000E+00 -0.179127E+02***********      0.000   -189.752     273
   274.00000  0.117000E+04  0.000000E+00  0.581119E+01  0.000000E+00 -0.179317E+02***********      0.000   -190.448     274
   275.00000  0.117500E+04  0.000000E+00  0.583680E+01  0.000000E+00 -0.179504E+02***********      0.000   -191.154     275
   276.00000  0.118000E+04  0.000000E+00  0.586218E+01  0.000000E+00 -0.179689E+02***********      0.000   -191.919     276
   277.00000  0.118500E+04  0.000000E+00  0.588731E+01  0.000000E+00 -0.179872E+02***********      0.000   -192.775     277
   278.00000  0.119000E+04  0.000000E+00  0.591221E+01  0.000000E+00 -0.180053E+02***********      0.000   -193.595     278
   279.00000  0.119500E+04  0.000000E+00  0.593686E+01  0.000000E+00 -0.180233E+02***********      0.000   -194.397     279
   280.00000  0.120000E+04  0.000000E+00  0.596127E+01  0.000000E+00 -0.180412E+02***********      0.000   -195.188     280
   281.00000  0.120500E+04  0.000000E+00  0.598543E+01  0.000000E+00 -0.180589E+02***********      0.000   -195.972     281
   282.00000  0.121000E+04  0.000000E+00  0.600936E+01  0.000000E+00 -0.180765E+02***********      0.000   -196.749     282
   283.00000  0.121500E+04  0.000000E+00  0.603305E+01  0.000000E+00 -0.180939E+02***********      0.000   -197.522     283
   284.00000  0.122000E+04  0.000000E+00  0.605651E+01  0.000000E+00 -0.181113E+02***********      0.000   -198.291     284
   285.00000  0.122500E+04  0.000000E+00  0.607973E+01  0.000000E+00 -0.181285E+02***********      0.000   -199.055     285
   286.00000  0.123000E+04  0.000000E+00  0.610274E+01  0.000000E+00 -0.181455E+02***********      0.000   -199.816     286
   287.00000  0.123500E+04  0.000000E+00  0.612552E+01  0.000000E+00 -0.181625E+02***********      0.000   -200.573     287
   288.00000  0.124000E+04  0.000000E+00  0.614809E+01  0.000000E+00 -0.181793E+02***********      0.000   -201.327     288
   289.00000  0.124500E+04  0.000000E+00  0.617044E+01  0.000000E+00 -0.181959E+02***********      0.000   -202.077     289
   290.00000  0.125000E+04  0.000000E+00  0.619260E+01  0.000000E+00 -0.182125E+02***********      0.000   -202.825     290
   291.00000  0.125500E+04  0.000000E+00  0.621457E+01  0.000000E+00 -0.182289E+02***********      0.000   -203.569     291
   292.00000  0.126000E+04  0.000000E+00  0.623635E+01  0.000000E+00 -0.182452E+02***********      0.000   -204.310     292
   293.00000  0.126500E+04  0.000000E+00  0.625795E+01  0.000000E+00 -0.182614E+02***********      0.000   -205.048     293
   294.00000  0.127000E+04  0.000000E+00  0.627937E+01  0.000000E+00 -0.182774E+02***********      0.000   -205.783     294
   295.00000  0.127500E+04  0.000000E+00  0.630062E+01  0.000000E+00 -0.182933E+02***********      0.000   -206.515     295
   296.00000  0.128000E+04  0.000000E+00  0.632168E+01  0.000000E+00 -0.183091E+02***********      0.000   -207.244     296
   297.00000  0.128500E+04  0.000000E+00  0.634257E+01  0.000000E+00 -0.183247E+02***********      0.000   -207.969     297
   298.00000  0.129000E+04  0.000000E+00  0.636329E+01  0.000000E+00 -0.183403E+02***********      0.000   -208.692     298
   299.00000  0.129500E+04  0.000000E+00  0.638384E+01  0.000000E+00 -0.183557E+02***********      0.000   -209.412     299
   300.00000  0.130000E+04  0.000000E+00  0.640421E+01  0.000000E+00 -0.183710E+02***********      0.000   -210.129     300
   301.00000  0.130500E+04  0.000000E+00  0.642441E+01  0.000000E+00 -0.183862E+02***********      0.000   -210.842     301
   302.00000  0.131000E+04  0.000000E+00  0.644447E+01  0.000000E+00 -0.184012E+02***********      0.000   -211.553     302
   303.00000  0.131500E+04  0.000000E+00  0.646442E+01  0.000000E+00 -0.184161E+02***********      0.000   -212.261     303
   304.00000  0.132000E+04  0.000000E+00  0.648423E+01  0.000000E+00 -0.184309E+02***********      0.000   -212.965     304
   305.00000  0.132500E+04  0.000000E+00  0.650391E+01  0.000000E+00 -0.184456E+02***********      0.000   -213.667     305
   306.00000  0.133000E+04  0.000000E+00  0.652346E+01  0.000000E+00 -0.184602E+02***********      0.000   -214.366     306
   307.00000  0.133500E+04  0.000000E+00  0.654288E+01  0.000000E+00 -0.184746E+02***********      0.000   -215.061     307
   308.00000  0.134000E+04  0.000000E+00  0.656216E+01  0.000000E+00 -0.184889E+02***********      0.000   -215.754     308
   309.00000  0.134500E+04  0.000000E+00  0.658131E+01  0.000000E+00 -0.185031E+02***********      0.000   -216.444     309
   310.00000  0.135000E+04  0.000000E+00  0.660033E+01  0.000000E+00 -0.185172E+02***********      0.000   -217.131     310
   311.00000  0.135500E+04  0.000000E+00  0.661921E+01  0.000000E+00 -0.185312E+02***********      0.000   -217.815     311
   312.00000  0.136000E+04  0.000000E+00  0.663796E+01  0.000000E+00 -0.185450E+02***********      0.000   -218.496     312
   313.00000  0.136500E+04  0.000000E+00  0.665657E+01  0.000000E+00 -0.185587E+02***********      0.000   -219.174     313
   314.00000  0.137000E+04  0.000000E+00  0.667505E+01  0.000000E+00 -0.185723E+02***********      0.000   -219.849     314
   315.00000  0.137500E+04  0.000000E+00  0.669339E+01  0.000000E+00 -0.185858E+02***********      0.000   -220.522     315
   316.00000  0.138000E+04  0.000000E+00  0.671161E+01  0.000000E+00 -0.185992E+02***********      0.000   -221.191     316
   317.00000  0.138500E+04  0.000000E+00  0.672971E+01  0.000000E+00 -0.186125E+02***********      0.000   -221.858     317
   318.00000  0.139000E+04  0.000000E+00  0.674770E+01  0.000000E+00 -0.186257E+02***********      0.000   -222.522     318
   319.00000  0.139500E+04  0.000000E+00  0.676557E+01  0.000000E+00 -0.186387E+02***********      0.000   -223.184     319
   320.00000  0.140000E+04  0.000000E+00  0.678332E+01  0.000000E+00 -0.186516E+02***********      0.000   -223.842     320
   321.00000  0.140500E+04  0.000000E+00  0.680096E+01  0.000000E+00 -0.186644E+02***********      0.000   -224.499     321
   322.00000  0.141000E+04  0.000000E+00  0.681849E+01  0.000000E+00 -0.186771E+02***********      0.000   -225.152     322
   323.00000  0.141500E+04  0.000000E+00  0.683590E+01  0.000000E+00 -0.186897E+02***********      0.000   -225.803     323
   324.00000  0.142000E+04  0.000000E+00  0.685321E+01  0.000000E+00 -0.187022E+02***********      0.000   -226.451     324
   325.00000  0.142500E+04  0.000000E+00  0.687041E+01  0.000000E+00 -0.187146E+02***********      0.000   -227.097     325
   326.00000  0.143000E+04  0.000000E+00  0.688751E+01  0.000000E+00 -0.187268E+02***********      0.000   -227.741     326
   327.00000  0.143500E+04  0.000000E+00  0.690451E+01  0.000000E+00 -0.187390E+02***********      0.000   -228.382     327
   328.00000  0.144000E+04  0.000000E+00  0.692143E+01  0.000000E+00 -0.187510E+02***********      0.000   -229.020     328
   329.00000  0.144500E+04  0.000000E+00  0.693827E+01  0.000000E+00 -0.187629E+02***********      0.000   -229.657     329
   330.00000  0.145000E+04  0.000000E+00  0.695503E+01  0.000000E+00 -0.187747E+02***********      0.000   -230.291     330
   331.00000  0.145500E+04  0.000000E+00  0.697172E+01  0.000000E+00 -0.187864E+02***********      0.000   -230.923     331
   332.00000  0.146000E+04  0.000000E+00  0.698832E+01  0.000000E+00 -0.187980E+02***********      0.000   -231.553     332
   333.00000  0.146500E+04  0.000000E+00  0.700484E+01  0.000000E+00 -0.188095E+02***********      0.000   -232.180     333
   334.00000  0.147000E+04  0.000000E+00  0.702127E+01  0.000000E+00 -0.188209E+02***********      0.000   -232.806     334
   335.00000  0.147500E+04  0.000000E+00  0.703763E+01  0.000000E+00 -0.188322E+02***********      0.000   -233.431     335
   336.00000  0.148000E+04  0.000000E+00  0.705391E+01  0.000000E+00 -0.188434E+02***********      0.000   -234.053     336
   337.00000  0.148500E+04  0.000000E+00  0.707010E+01  0.000000E+00 -0.188544E+02***********      0.000   -234.674     337
   338.00000  0.149000E+04  0.000000E+00  0.708621E+01  0.000000E+00 -0.188654E+02***********      0.000   -235.294     338
   339.00000  0.149500E+04  0.000000E+00  0.710223E+01  0.000000E+00 -0.188762E+02***********      0.000   -235.912     339
   340.00000  0.150000E+04  0.000000E+00  0.711818E+01  0.000000E+00 -0.188870E+02***********      0.000   -236.530     340
   341.00000  0.150500E+04  0.000000E+00  0.713404E+01  0.000000E+00 -0.188976E+02***********      0.000   -237.147     341
   342.00000  0.151000E+04  0.000000E+00  0.714985E+01  0.000000E+00 -0.189081E+02***********      0.000   -237.763     342
   343.00000  0.151500E+04  0.000000E+00  0.716558E+01  0.000000E+00 -0.189185E+02***********      0.000   -238.380     343
   344.00000  0.152000E+04  0.000000E+00  0.718124E+01  0.000000E+00 -0.189289E+02***********      0.000   -238.998     344
   345.00000  0.152500E+04  0.000000E+00  0.719684E+01  0.000000E+00 -0.189391E+02***********      0.000   -239.618     345
   346.00000  0.153000E+04  0.000000E+00  0.721236E+01  0.000000E+00 -0.189492E+02***********      0.000   -240.241     346
   347.00000  0.153500E+04  0.000000E+00  0.722781E+01  0.000000E+00 -0.189592E+02***********      0.000   -240.871     347
   348.00000  0.154000E+04  0.000000E+00  0.724319E+01  0.000000E+00 -0.189690E+02***********      0.000   -241.515     348
   349.00000  0.154500E+04  0.000000E+00  0.725849E+01  0.000000E+00 -0.189788E+02***********      0.000   -242.241     349
   350.00000  0.155000E+04  0.000000E+00  0.727371E+01  0.000000E+00 -0.189885E+02***********      0.000   -243.023     350
   351.00000  0.155500E+04  0.000000E+00  0.728886E+01  0.000000E+00 -0.189982E+02***********      0.000   -243.771     351
   352.00000  0.156000E+04  0.000000E+00  0.730393E+01  0.000000E+00 -0.190078E+02***********      0.000   -244.498     352
   353.00000  0.156500E+04  0.000000E+00  0.731893E+01  0.000000E+00 -0.190173E+02***********      0.000   -245.213     353
   354.00000  0.157000E+04  0.000000E+00  0.733385E+01  0.000000E+00 -0.190268E+02***********      0.000   -245.917     354
   355.00000  0.157500E+04  0.000000E+00  0.734869E+01  0.000000E+00 -0.190363E+02***********      0.000   -246.614     355
   356.00000  0.158000E+04  0.000000E+00  0.736345E+01  0.000000E+00 -0.190457E+02***********      0.000   -247.303     356
   357.00000  0.158500E+04  0.000000E+00  0.737814E+01  0.000000E+00 -0.190550E+02***********      0.000   -247.987     357
   358.00000  0.159000E+04  0.000000E+00  0.739275E+01  0.000000E+00 -0.190643E+02***********      0.000   -248.665     358
   359.00000  0.159500E+04  0.000000E+00  0.740729E+01  0.000000E+00 -0.190736E+02***********      0.000   -249.338     359
   360.00000  0.160000E+04  0.000000E+00  0.742175E+01  0.000000E+00 -0.190827E+02***********      0.000   -250.006     360
   361.00000  0.160500E+04  0.000000E+00  0.743614E+01  0.000000E+00 -0.190919E+02***********      0.000   -250.670     361
   362.00000  0.161000E+04  0.000000E+00  0.745046E+01  0.000000E+00 -0.191010E+02***********      0.000   -251.330     362
   363.00000  0.161500E+04  0.000000E+00  0.746470E+01  0.000000E+00 -0.191100E+02***********      0.000   -251.986     363
   364.00000  0.162000E+04  0.000000E+00  0.747887E+01  0.000000E+00 -0.191190E+02***********      0.000   -252.638     364
   365.00000  0.162500E+04  0.000000E+00  0.749297E+01  0.000000E+00 -0.191280E+02***********      0.000   -253.286     365
end
