 ******* Program HYDRUS
 ******* 
 None                                                                    
 Date:  16.12.    Time:  13:22:26
 Units: L = mm   , T = days , M = mmol 
 
 CosAlf,MaxIt,TolTh,  TolH
 1.000   10   0.001 1.00000
 
 TopInF,BotInF,AtmBC,SinkF,WLayer,qGWLF,FreeD,SeepF,lWat,lChem,lTemp,lRoot,lWDep
     T     F     T     F     F     F     T     F     T     F     F     F     F

Nodal point information

node      x         hOld    MatN LayN  Beta      Ah       AK      ATh     Temp    Conc(1...NS)         Sorb(1...NS)

   1      0.000    -15.000    1    1   0.000    1.000    1.000    1.000
   2     -1.000    -15.000    1    1   0.000    1.000    1.000    1.000
   3     -2.000    -15.000    1    1   0.000    1.000    1.000    1.000
   4     -3.000    -15.000    1    1   0.000    1.000    1.000    1.000
   5     -4.000    -15.000    1    1   0.000    1.000    1.000    1.000
   6     -5.000    -15.000    1    1   0.000    1.000    1.000    1.000
   7     -6.000    -15.000    1    1   0.000    1.000    1.000    1.000
   8     -7.000    -15.000    1    1   0.000    1.000    1.000    1.000
   9     -8.000    -15.000    1    1   0.000    1.000    1.000    1.000
  10     -9.000    -15.000    1    1   0.000    1.000    1.000    1.000
  11    -10.000    -15.000    1    1   0.000    1.000    1.000    1.000
  12    -11.000    -15.000    1    1   0.000    1.000    1.000    1.000
  13    -12.000    -15.000    1    1   0.000    1.000    1.000    1.000
  14    -13.000    -15.000    1    1   0.000    1.000    1.000    1.000
  15    -14.000    -15.000    1    1   0.000    1.000    1.000    1.000
  16    -15.000    -15.000    1    1   0.000    1.000    1.000    1.000
  17    -16.000    -15.000    1    1   0.000    1.000    1.000    1.000
  18    -17.000    -15.000    1    1   0.000    1.000    1.000    1.000
  19    -18.000    -15.000    1    1   0.000    1.000    1.000    1.000
  20    -19.000    -15.000    1    1   0.000    1.000    1.000    1.000
  21    -20.000    -15.000    1    1   0.000    1.000    1.000    1.000
  22    -21.000    -15.000    1    1   0.000    1.000    1.000    1.000
  23    -22.000    -15.000    1    1   0.000    1.000    1.000    1.000
  24    -23.000    -15.000    1    1   0.000    1.000    1.000    1.000
  25    -24.000    -15.000    1    1   0.000    1.000    1.000    1.000
  26    -25.000    -15.000    1    1   0.000    1.000    1.000    1.000
  27    -26.000    -15.000    1    1   0.000    1.000    1.000    1.000
  28    -27.000    -15.000    1    1   0.000    1.000    1.000    1.000
  29    -28.000    -15.000    1    1   0.000    1.000    1.000    1.000
  30    -29.000    -15.000    1    1   0.000    1.000    1.000    1.000
  31    -30.000    -15.000    1    1   0.000    1.000    1.000    1.000
  32    -31.000    -15.000    1    1   0.000    1.000    1.000    1.000
  33    -32.000    -15.000    1    1   0.000    1.000    1.000    1.000
  34    -33.000    -15.000    1    1   0.000    1.000    1.000    1.000
  35    -34.000    -15.000    1    1   0.000    1.000    1.000    1.000
  36    -35.000    -15.000    1    1   0.000    1.000    1.000    1.000
  37    -36.000    -15.000    1    1   0.000    1.000    1.000    1.000
  38    -37.000    -15.000    1    1   0.000    1.000    1.000    1.000
  39    -38.000    -15.000    1    1   0.000    1.000    1.000    1.000
  40    -39.000    -15.000    1    1   0.000    1.000    1.000    1.000
  41    -40.000    -15.000    1    1   0.000    1.000    1.000    1.000
  42    -41.000    -15.000    1    1   0.000    1.000    1.000    1.000
  43    -42.000    -15.000    1    1   0.000    1.000    1.000    1.000
  44    -43.000    -15.000    1    1   0.000    1.000    1.000    1.000
  45    -44.000    -15.000    1    1   0.000    1.000    1.000    1.000
  46    -45.000    -15.000    1    1   0.000    1.000    1.000    1.000
  47    -46.000    -15.000    1    1   0.000    1.000    1.000    1.000
  48    -47.000    -15.000    1    1   0.000    1.000    1.000    1.000
  49    -48.000    -15.000    1    1   0.000    1.000    1.000    1.000
  50    -49.000    -15.000    1    1   0.000    1.000    1.000    1.000
  51    -50.000    -15.000    1    1   0.000    1.000    1.000    1.000
  52    -51.000    -15.000    1    1   0.000    1.000    1.000    1.000
  53    -52.000    -15.000    1    1   0.000    1.000    1.000    1.000
  54    -53.000    -15.000    1    1   0.000    1.000    1.000    1.000
  55    -54.000    -15.000    1    1   0.000    1.000    1.000    1.000
  56    -55.000    -15.000    1    1   0.000    1.000    1.000    1.000
  57    -56.000    -15.000    1    1   0.000    1.000    1.000    1.000
  58    -57.000    -15.000    1    1   0.000    1.000    1.000    1.000
  59    -58.000    -15.000    1    1   0.000    1.000    1.000    1.000
  60    -59.000    -15.000    1    1   0.000    1.000    1.000    1.000
  61    -60.000    -15.000    1    1   0.000    1.000    1.000    1.000
  62    -61.000    -15.000    1    1   0.000    1.000    1.000    1.000
  63    -62.000    -15.000    1    1   0.000    1.000    1.000    1.000
  64    -63.000    -15.000    1    1   0.000    1.000    1.000    1.000
  65    -64.000    -15.000    1    1   0.000    1.000    1.000    1.000
  66    -65.000    -15.000    1    1   0.000    1.000    1.000    1.000
  67    -66.000    -15.000    1    1   0.000    1.000    1.000    1.000
  68    -67.000    -15.000    1    1   0.000    1.000    1.000    1.000
  69    -68.000    -15.000    1    1   0.000    1.000    1.000    1.000
  70    -69.000    -15.000    1    1   0.000    1.000    1.000    1.000
  71    -70.000    -15.000    1    1   0.000    1.000    1.000    1.000
  72    -71.000    -15.000    1    1   0.000    1.000    1.000    1.000
  73    -72.000    -15.000    1    1   0.000    1.000    1.000    1.000
  74    -73.000    -15.000    1    1   0.000    1.000    1.000    1.000
  75    -74.000    -15.000    1    1   0.000    1.000    1.000    1.000
  76    -75.000    -15.000    1    1   0.000    1.000    1.000    1.000
  77    -76.000    -15.000    1    1   0.000    1.000    1.000    1.000
  78    -77.000    -15.000    1    1   0.000    1.000    1.000    1.000
  79    -78.000    -15.000    1    1   0.000    1.000    1.000    1.000
  80    -79.000    -15.000    1    1   0.000    1.000    1.000    1.000
  81    -80.000    -15.000    1    1   0.000    1.000    1.000    1.000
  82    -81.000    -15.000    1    1   0.000    1.000    1.000    1.000
  83    -82.000    -15.000    1    1   0.000    1.000    1.000    1.000
  84    -83.000    -15.000    1    1   0.000    1.000    1.000    1.000
  85    -84.000    -15.000    1    1   0.000    1.000    1.000    1.000
  86    -85.000    -15.000    1    1   0.000    1.000    1.000    1.000
  87    -86.000    -15.000    1    1   0.000    1.000    1.000    1.000
  88    -87.000    -15.000    1    1   0.000    1.000    1.000    1.000
  89    -88.000    -15.000    1    1   0.000    1.000    1.000    1.000
  90    -89.000    -15.000    1    1   0.000    1.000    1.000    1.000
  91    -90.000    -15.000    1    1   0.000    1.000    1.000    1.000
  92    -91.000    -15.000    1    1   0.000    1.000    1.000    1.000
  93    -92.000    -15.000    1    1   0.000    1.000    1.000    1.000
  94    -93.000    -15.000    1    1   0.000    1.000    1.000    1.000
  95    -94.000    -15.000    1    1   0.000    1.000    1.000    1.000
  96    -95.000    -15.000    1    1   0.000    1.000    1.000    1.000
  97    -96.000    -15.000    1    1   0.000    1.000    1.000    1.000
  98    -97.000    -15.000    1    1   0.000    1.000    1.000    1.000
  99    -98.000    -15.000    1    1   0.000    1.000    1.000    1.000
 100    -99.000    -15.000    1    1   0.000    1.000    1.000    1.000
 101   -100.000    -15.000    1    1   0.000    1.000    1.000    1.000
 102   -101.000    -15.000    1    1   0.000    1.000    1.000    1.000
 103   -102.000    -15.000    1    1   0.000    1.000    1.000    1.000
 104   -103.000    -15.000    1    1   0.000    1.000    1.000    1.000
 105   -104.000    -15.000    1    1   0.000    1.000    1.000    1.000
 106   -105.000    -15.000    1    1   0.000    1.000    1.000    1.000
 107   -106.000    -15.000    1    1   0.000    1.000    1.000    1.000
 108   -107.000    -15.000    1    1   0.000    1.000    1.000    1.000
 109   -108.000    -15.000    1    1   0.000    1.000    1.000    1.000
 110   -109.000    -15.000    1    1   0.000    1.000    1.000    1.000
 111   -110.000    -15.000    1    1   0.000    1.000    1.000    1.000
 112   -111.000    -15.000    1    1   0.000    1.000    1.000    1.000
 113   -112.000    -15.000    1    1   0.000    1.000    1.000    1.000
 114   -113.000    -15.000    1    1   0.000    1.000    1.000    1.000
 115   -114.000    -15.000    1    1   0.000    1.000    1.000    1.000
 116   -115.000    -15.000    1    1   0.000    1.000    1.000    1.000
 117   -116.000    -15.000    1    1   0.000    1.000    1.000    1.000
 118   -117.000    -15.000    1    1   0.000    1.000    1.000    1.000
 119   -118.000    -15.000    1    1   0.000    1.000    1.000    1.000
 120   -119.000    -15.000    1    1   0.000    1.000    1.000    1.000
 121   -120.000    -15.000    1    1   0.000    1.000    1.000    1.000
 122   -121.000    -15.000    1    1   0.000    1.000    1.000    1.000
 123   -122.000    -15.000    1    1   0.000    1.000    1.000    1.000
 124   -123.000    -15.000    1    1   0.000    1.000    1.000    1.000
 125   -124.000    -15.000    1    1   0.000    1.000    1.000    1.000
 126   -125.000    -15.000    1    1   0.000    1.000    1.000    1.000
 127   -126.000    -15.000    1    1   0.000    1.000    1.000    1.000
 128   -127.000    -15.000    1    1   0.000    1.000    1.000    1.000
 129   -128.000    -15.000    1    1   0.000    1.000    1.000    1.000
 130   -129.000    -15.000    1    1   0.000    1.000    1.000    1.000
 131   -130.000    -15.000    1    1   0.000    1.000    1.000    1.000
 132   -131.000    -15.000    1    1   0.000    1.000    1.000    1.000
 133   -132.000    -15.000    1    1   0.000    1.000    1.000    1.000
 134   -133.000    -15.000    1    1   0.000    1.000    1.000    1.000
 135   -134.000    -15.000    1    1   0.000    1.000    1.000    1.000
 136   -135.000    -15.000    1    1   0.000    1.000    1.000    1.000
 137   -136.000    -15.000    1    1   0.000    1.000    1.000    1.000
 138   -137.000    -15.000    1    1   0.000    1.000    1.000    1.000
 139   -138.000    -15.000    1    1   0.000    1.000    1.000    1.000
 140   -139.000    -15.000    1    1   0.000    1.000    1.000    1.000
 141   -140.000    -15.000    1    1   0.000    1.000    1.000    1.000
 142   -141.000    -15.000    1    1   0.000    1.000    1.000    1.000
 143   -142.000    -15.000    1    1   0.000    1.000    1.000    1.000
 144   -143.000    -15.000    1    1   0.000    1.000    1.000    1.000
 145   -144.000    -15.000    1    1   0.000    1.000    1.000    1.000
 146   -145.000    -15.000    1    1   0.000    1.000    1.000    1.000
 147   -146.000    -15.000    1    1   0.000    1.000    1.000    1.000
 148   -147.000    -15.000    1    1   0.000    1.000    1.000    1.000
 149   -148.000    -15.000    1    1   0.000    1.000    1.000    1.000
 150   -149.000    -15.000    1    1   0.000    1.000    1.000    1.000
 151   -150.000    -15.000    1    1   0.000    1.000    1.000    1.000
end

 Number of species in the chain :   0


MatNum, Param. array:

   Mat     Qr     Qs        Alfa         n          Ks      l

    1    0.079  0.442   0.158E-01   0.141E+01   0.818E+01  0.500

       Table of Hydraulic Properties which are interpolated in simulation
       =================================================================

  theta         h        log h        C             K        log K          S          Kv
 
  0.4418  -0.100E-05 -0.6000E+01  0.1387E-05  0.8170E+01  0.9122E+00    1.0000  0.0000E+00
  0.4418  -0.126E-05 -0.5899E+01  0.1527E-05  0.8169E+01  0.9122E+00    1.0000  0.0000E+00
  0.4418  -0.159E-05 -0.5798E+01  0.1681E-05  0.8168E+01  0.9121E+00    1.0000  0.0000E+00
  0.4418  -0.201E-05 -0.5697E+01  0.1852E-05  0.8167E+01  0.9121E+00    1.0000  0.0000E+00
  0.4418  -0.254E-05 -0.5596E+01  0.2039E-05  0.8166E+01  0.9120E+00    1.0000  0.0000E+00
  0.4418  -0.320E-05 -0.5495E+01  0.2245E-05  0.8165E+01  0.9119E+00    1.0000  0.0000E+00
  0.4418  -0.404E-05 -0.5394E+01  0.2473E-05  0.8163E+01  0.9118E+00    1.0000  0.0000E+00
  0.4418  -0.509E-05 -0.5293E+01  0.2723E-05  0.8161E+01  0.9118E+00    1.0000  0.0000E+00
  0.4418  -0.643E-05 -0.5192E+01  0.2998E-05  0.8159E+01  0.9117E+00    1.0000  0.0000E+00
  0.4418  -0.811E-05 -0.5091E+01  0.3302E-05  0.8157E+01  0.9115E+00    1.0000  0.0000E+00
  0.4418  -0.102E-04 -0.4990E+01  0.3636E-05  0.8155E+01  0.9114E+00    1.0000  0.0000E+00
  0.4418  -0.129E-04 -0.4889E+01  0.4004E-05  0.8152E+01  0.9113E+00    1.0000  0.0000E+00
  0.4418  -0.163E-04 -0.4788E+01  0.4409E-05  0.8150E+01  0.9111E+00    1.0000  0.0000E+00
  0.4418  -0.206E-04 -0.4687E+01  0.4856E-05  0.8147E+01  0.9110E+00    1.0000  0.0000E+00
  0.4418  -0.260E-04 -0.4586E+01  0.5347E-05  0.8143E+01  0.9108E+00    1.0000  0.0000E+00
  0.4418  -0.327E-04 -0.4485E+01  0.5888E-05  0.8139E+01  0.9106E+00    1.0000  0.0000E+00
  0.4418  -0.413E-04 -0.4384E+01  0.6484E-05  0.8135E+01  0.9104E+00    1.0000  0.0000E+00
  0.4418  -0.521E-04 -0.4283E+01  0.7140E-05  0.8131E+01  0.9101E+00    1.0000  0.0000E+00
  0.4418  -0.658E-04 -0.4182E+01  0.7863E-05  0.8126E+01  0.9099E+00    1.0000  0.0000E+00
  0.4418  -0.830E-04 -0.4081E+01  0.8659E-05  0.8120E+01  0.9096E+00    1.0000  0.0000E+00
  0.4418  -0.105E-03 -0.3980E+01  0.9535E-05  0.8114E+01  0.9093E+00    1.0000  0.0000E+00
  0.4418  -0.132E-03 -0.3879E+01  0.1050E-04  0.8108E+01  0.9089E+00    1.0000  0.0000E+00
  0.4418  -0.167E-03 -0.3778E+01  0.1156E-04  0.8101E+01  0.9085E+00    1.0000  0.0000E+00
  0.4418  -0.210E-03 -0.3677E+01  0.1273E-04  0.8093E+01  0.9081E+00    1.0000  0.0000E+00
  0.4418  -0.266E-03 -0.3576E+01  0.1402E-04  0.8084E+01  0.9076E+00    1.0000  0.0000E+00
  0.4418  -0.335E-03 -0.3475E+01  0.1544E-04  0.8074E+01  0.9071E+00    1.0000  0.0000E+00
  0.4418  -0.423E-03 -0.3374E+01  0.1700E-04  0.8063E+01  0.9065E+00    1.0000  0.0000E+00
  0.4418  -0.534E-03 -0.3273E+01  0.1872E-04  0.8052E+01  0.9059E+00    1.0000  0.0000E+00
  0.4418  -0.673E-03 -0.3172E+01  0.2062E-04  0.8039E+01  0.9052E+00    1.0000  0.0000E+00
  0.4418  -0.850E-03 -0.3071E+01  0.2271E-04  0.8024E+01  0.9044E+00    1.0000  0.0000E+00
  0.4418  -0.107E-02 -0.2970E+01  0.2500E-04  0.8009E+01  0.9036E+00    1.0000  0.1114E-29
  0.4418  -0.135E-02 -0.2869E+01  0.2753E-04  0.7991E+01  0.9026E+00    1.0000  0.1114E-29
  0.4418  -0.171E-02 -0.2768E+01  0.3032E-04  0.7972E+01  0.9016E+00    1.0000  0.1114E-29
  0.4418  -0.215E-02 -0.2667E+01  0.3339E-04  0.7952E+01  0.9005E+00    1.0000  0.1123E-28
  0.4418  -0.272E-02 -0.2566E+01  0.3677E-04  0.7929E+01  0.8992E+00    1.0000  0.1123E-28
  0.4418  -0.343E-02 -0.2465E+01  0.4049E-04  0.7903E+01  0.8978E+00    1.0000  0.4337E-28
  0.4418  -0.433E-02 -0.2364E+01  0.4459E-04  0.7876E+01  0.8963E+00    1.0000  0.2381E-27
  0.4418  -0.546E-02 -0.2263E+01  0.4910E-04  0.7845E+01  0.8946E+00    1.0000  0.4372E-27
  0.4418  -0.689E-02 -0.2162E+01  0.5407E-04  0.7812E+01  0.8927E+00    1.0000  0.1689E-26
  0.4418  -0.870E-02 -0.2061E+01  0.5954E-04  0.7775E+01  0.8907E+00    1.0000  0.4406E-26
  0.4418  -0.110E-01 -0.1960E+01  0.6557E-04  0.7735E+01  0.8884E+00    1.0000  0.1407E-25
  0.4418  -0.138E-01 -0.1859E+01  0.7220E-04  0.7690E+01  0.8859E+00    1.0000  0.4441E-25
  0.4418  -0.175E-01 -0.1758E+01  0.7951E-04  0.7641E+01  0.8832E+00    1.0000  0.1284E-24
  0.4418  -0.221E-01 -0.1657E+01  0.8756E-04  0.7588E+01  0.8801E+00    1.0000  0.3884E-24
  0.4418  -0.278E-01 -0.1556E+01  0.9642E-04  0.7529E+01  0.8767E+00    1.0000  0.1168E-23
  0.4418  -0.351E-01 -0.1455E+01  0.1062E-03  0.7465E+01  0.8730E+00    1.0000  0.3376E-23
  0.4418  -0.443E-01 -0.1354E+01  0.1169E-03  0.7394E+01  0.8689E+00    1.0000  0.1031E-22
  0.4418  -0.559E-01 -0.1253E+01  0.1288E-03  0.7317E+01  0.8643E+00    1.0000  0.3091E-22
  0.4418  -0.705E-01 -0.1152E+01  0.1418E-03  0.7232E+01  0.8593E+00    1.0000  0.9176E-22
  0.4418  -0.890E-01 -0.1051E+01  0.1561E-03  0.7140E+01  0.8537E+00    1.0000  0.2766E-21
  0.4418  -0.112E+00 -0.9495E+00  0.1719E-03  0.7038E+01  0.8475E+00    1.0000  0.8248E-21
  0.4418  -0.142E+00 -0.8485E+00  0.1893E-03  0.6927E+01  0.8406E+00    0.9999  0.2477E-20
  0.4418  -0.179E+00 -0.7475E+00  0.2084E-03  0.6806E+01  0.8329E+00    0.9999  0.7412E-20
  0.4418  -0.226E+00 -0.6465E+00  0.2295E-03  0.6674E+01  0.8244E+00    0.9999  0.2215E-19
  0.4417  -0.285E+00 -0.5455E+00  0.2527E-03  0.6531E+01  0.8149E+00    0.9999  0.6634E-19
  0.4417  -0.359E+00 -0.4444E+00  0.2782E-03  0.6374E+01  0.8044E+00    0.9998  0.1985E-18
  0.4417  -0.453E+00 -0.3434E+00  0.3063E-03  0.6204E+01  0.7926E+00    0.9997  0.5935E-18
  0.4417  -0.572E+00 -0.2424E+00  0.3371E-03  0.6019E+01  0.7795E+00    0.9996  0.1777E-17
  0.4416  -0.722E+00 -0.1414E+00  0.3710E-03  0.5819E+01  0.7648E+00    0.9995  0.5314E-17
  0.4415  -0.911E+00 -0.4040E-01  0.4081E-03  0.5602E+01  0.7483E+00    0.9993  0.1589E-16
  0.4414  -0.115E+01  0.6061E-01  0.4489E-03  0.5368E+01  0.7298E+00    0.9990  0.4746E-16
  0.4413  -0.145E+01  0.1616E+00  0.4935E-03  0.5117E+01  0.7090E+00    0.9986  0.1417E-15
  0.4411  -0.183E+01  0.2626E+00  0.5421E-03  0.4848E+01  0.6855E+00    0.9981  0.4225E-15
  0.4408  -0.231E+01  0.3636E+00  0.5950E-03  0.4560E+01  0.6590E+00    0.9973  0.1258E-14
  0.4404  -0.292E+01  0.4646E+00  0.6522E-03  0.4254E+01  0.6288E+00    0.9963  0.3738E-14
  0.4399  -0.368E+01  0.5657E+00  0.7136E-03  0.3931E+01  0.5945E+00    0.9948  0.1107E-13
  0.4392  -0.464E+01  0.6667E+00  0.7790E-03  0.3592E+01  0.5553E+00    0.9928  0.3267E-13
  0.4382  -0.586E+01  0.7677E+00  0.8474E-03  0.3239E+01  0.5104E+00    0.9901  0.9585E-13
  0.4369  -0.739E+01  0.8687E+00  0.9177E-03  0.2876E+01  0.4588E+00    0.9864  0.2791E-12
  0.4350  -0.933E+01  0.9697E+00  0.9878E-03  0.2508E+01  0.3993E+00    0.9813  0.8041E-12
  0.4325  -0.118E+02  0.1071E+01  0.1054E-02  0.2140E+01  0.3305E+00    0.9744  0.2285E-11
  0.4292  -0.148E+02  0.1172E+01  0.1113E-02  0.1781E+01  0.2507E+00    0.9652  0.6373E-11
  0.4247  -0.187E+02  0.1273E+01  0.1159E-02  0.1440E+01  0.1583E+00    0.9529  0.1735E-10
  0.4190  -0.236E+02  0.1374E+01  0.1185E-02  0.1125E+01  0.5121E-01    0.9371  0.4577E-10
  0.4116  -0.298E+02  0.1475E+01  0.1185E-02  0.8464E+00 -0.7241E-01    0.9168  0.1161E-09
  0.4025  -0.376E+02  0.1576E+01  0.1154E-02  0.6106E+00 -0.2143E+00    0.8915  0.2808E-09
  0.3914  -0.475E+02  0.1677E+01  0.1089E-02  0.4210E+00 -0.3757E+00    0.8610  0.6418E-09
  0.3784  -0.599E+02  0.1778E+01  0.9948E-03  0.2771E+00 -0.5573E+00    0.8252  0.1377E-08
  0.3637  -0.756E+02  0.1879E+01  0.8774E-03  0.1742E+00 -0.7589E+00    0.7847  0.2758E-08
  0.3477  -0.955E+02  0.1980E+01  0.7477E-03  0.1048E+00 -0.9794E+00    0.7405  0.5145E-08
  0.3307  -0.120E+03  0.2081E+01  0.6171E-03  0.6065E-01 -0.1217E+01    0.6936  0.8946E-08
  0.3133  -0.152E+03  0.2182E+01  0.4950E-03  0.3390E-01 -0.1470E+01    0.6455  0.1454E-07
  0.2959  -0.192E+03  0.2283E+01  0.3875E-03  0.1841E-01 -0.1735E+01    0.5975  0.2221E-07
  0.2788  -0.242E+03  0.2384E+01  0.2973E-03  0.9772E-02 -0.2010E+01    0.5505  0.3210E-07
  0.2625  -0.305E+03  0.2485E+01  0.2245E-03  0.5092E-02 -0.2293E+01    0.5054  0.4414E-07
  0.2470  -0.385E+03  0.2586E+01  0.1675E-03  0.2616E-02 -0.2582E+01    0.4627  0.5818E-07
  0.2325  -0.486E+03  0.2687E+01  0.1237E-03  0.1330E-02 -0.2876E+01    0.4227  0.7392E-07
  0.2190  -0.614E+03  0.2788E+01  0.9078E-04  0.6707E-03 -0.3173E+01    0.3855  0.9100E-07
  0.2066  -0.774E+03  0.2889E+01  0.6626E-04  0.3363E-03 -0.3473E+01    0.3512  0.1091E-06
  0.1951  -0.977E+03  0.2990E+01  0.4817E-04  0.1679E-03 -0.3775E+01    0.3197  0.1278E-06
  0.1846  -0.123E+04  0.3091E+01  0.3493E-04  0.8353E-04 -0.4078E+01    0.2908  0.1468E-06
  0.1751  -0.156E+04  0.3192E+01  0.2527E-04  0.4147E-04 -0.4382E+01    0.2644  0.1658E-06
  0.1663  -0.196E+04  0.3293E+01  0.1826E-04  0.2056E-04 -0.4687E+01    0.2403  0.1846E-06
  0.1584  -0.248E+04  0.3394E+01  0.1318E-04  0.1018E-04 -0.4992E+01    0.2184  0.2029E-06
  0.1511  -0.313E+04  0.3495E+01  0.9501E-05  0.5034E-05 -0.5298E+01    0.1984  0.2207E-06
  0.1445  -0.394E+04  0.3596E+01  0.6847E-05  0.2488E-05 -0.5604E+01    0.1802  0.2378E-06
  0.1386  -0.498E+04  0.3697E+01  0.4933E-05  0.1229E-05 -0.5910E+01    0.1637  0.2542E-06
  0.1331  -0.628E+04  0.3798E+01  0.3552E-05  0.6073E-06 -0.6217E+01    0.1487  0.2697E-06
  0.1282  -0.792E+04  0.3899E+01  0.2558E-05  0.2999E-06 -0.6523E+01    0.1350  0.2843E-06
  0.1237  -0.100E+05  0.4000E+01  0.1842E-05  0.1481E-06 -0.6830E+01    0.1226  0.2981E-06
end
