 ******* Program HYDRUS
 ******* 
 None                                                                    
 Date:  16.12.    Time:  13:22:26
 Units: L = mm   , T = days , M = mmol 


    TLevel      Time          dt      Iter    ItCum  KodT  KodB  Convergency

       53  0.1000000E+01  0.88428E-01    3      230     4    -5     T
       92  0.2000000E+01  0.10210E+00    2      400     4    -5     T
      113  0.3000000E+01  0.31614E-01    2      505     4    -5     T
      148  0.4000000E+01  0.36482E-01    8      667     4    -5     T
      161  0.5000000E+01  0.12810E+00    2      704     4    -5     T
      172  0.6000000E+01  0.14002E+00    2      748     4    -5     T
      176  0.7000000E+01  0.25000E+00    3      759     4    -5     T
      181  0.8000000E+01  0.11111E+00    2      781     4    -5     T
      187  0.9000000E+01  0.88889E-01    2      805     4    -5     T
      195  0.1000000E+02  0.47619E-01    2      842     4    -5     T
      203  0.1100000E+02  0.15964E+00    2      870     4    -5     T
      209  0.1200000E+02  0.22222E+00    2      893     4    -5     T
      212  0.1300000E+02  0.37500E+00    2      899     4    -5     T
      214  0.1400000E+02  0.50000E+00    2      903     4    -5     T
      216  0.1500000E+02  0.50000E+00    2      907     4    -5     T
      218  0.1600000E+02  0.50000E+00    3      914     4    -5     T
      220  0.1700000E+02  0.50000E+00   10      926     4    -5     T
      223  0.1800000E+02  0.33333E+00    5      936     4    -5     T
      227  0.1900000E+02  0.31250E+00    3      955     4    -5     T
      232  0.2000000E+02  0.14815E+00    2      982     4    -5     T
      237  0.2100000E+02  0.23438E+00    5     1005     4    -5     T
      246  0.2200000E+02  0.65852E-01    2     1050     4    -5     T
      252  0.2300000E+02  0.18519E+00    4     1073     4    -5     T
      262  0.2400000E+02  0.92593E-01    2     1121     4    -5     T
      275  0.2500000E+02  0.89968E-01    2     1177     4    -5     T
      287  0.2600000E+02  0.83808E-01    2     1231     4    -5     T
      296  0.2700000E+02  0.15240E+00    2     1261     4    -5     T
      302  0.2800000E+02  0.16667E+00    2     1283     4    -5     T
      306  0.2900000E+02  0.26667E+00    2     1291     4    -5     T
      308  0.3000000E+02  0.50000E+00    2     1295     4    -5     T
      310  0.3100000E+02  0.50000E+00    2     1299     4    -5     T
      312  0.3200000E+02  0.50000E+00    2     1303     4    -5     T
      314  0.3300000E+02  0.50000E+00    2     1307     4    -5     T
      316  0.3400000E+02  0.50000E+00    2     1311     4    -5     T
      318  0.3500000E+02  0.50000E+00    2     1315     4    -5     T
      320  0.3600000E+02  0.50000E+00    2     1319     4    -5     T
      322  0.3700000E+02  0.50000E+00    2     1323     4    -5     T
      324  0.3800000E+02  0.50000E+00    2     1327     4    -5     T
      326  0.3900000E+02  0.50000E+00    8     1337     4    -5     T
      329  0.4000000E+02  0.33333E+00    2     1349     4    -5     T
      332  0.4100000E+02  0.25000E+00    2     1363     4    -5     T
      334  0.4200000E+02  0.50000E+00    2     1367     4    -5     T
      338  0.4300000E+02  0.31250E+00    3     1387     4    -5     T
      341  0.4400000E+02  0.33333E+00    3     1395     4    -5     T
      345  0.4500000E+02  0.31250E+00    3     1415     4    -5     T
      348  0.4600000E+02  0.33333E+00    4     1427     4    -5     T
      351  0.4700000E+02  0.33333E+00    2     1434     4    -5     T
      353  0.4800000E+02  0.50000E+00    4     1442     4    -5     T
      355  0.4900000E+02  0.50000E+00    2     1446     4    -5     T
      357  0.5000000E+02  0.50000E+00    2     1450     4    -5     T
      359  0.5100000E+02  0.50000E+00    2     1454     4    -5     T
      361  0.5200000E+02  0.50000E+00    2     1458     4    -5     T
      363  0.5300000E+02  0.50000E+00    2     1462     4    -5     T
      365  0.5400000E+02  0.50000E+00    2     1466     4    -5     T
      367  0.5500000E+02  0.50000E+00    2     1470     4    -5     T
      369  0.5600000E+02  0.50000E+00    2     1474     4    -5     T
      371  0.5700000E+02  0.50000E+00    2     1478     4    -5     T
      373  0.5800000E+02  0.50000E+00    2     1482     4    -5     T
      375  0.5900000E+02  0.50000E+00    2     1486     4    -5     T
      377  0.6000000E+02  0.50000E+00    2     1490     4    -5     T
      379  0.6100000E+02  0.50000E+00    2     1494     4    -5     T
      381  0.6200000E+02  0.50000E+00    2     1498     4    -5     T
      383  0.6300000E+02  0.50000E+00    2     1502     4    -5     T
      385  0.6400000E+02  0.50000E+00    2     1506     4    -5     T
      387  0.6500000E+02  0.50000E+00    2     1510     4    -5     T
      389  0.6600000E+02  0.50000E+00    2     1514     4    -5     T
      391  0.6700000E+02  0.50000E+00    2     1518     4    -5     T
      393  0.6800000E+02  0.50000E+00    2     1522     4    -5     T
      395  0.6900000E+02  0.50000E+00    2     1526     4    -5     T
      397  0.7000000E+02  0.50000E+00    2     1530     4    -5     T
      399  0.7100000E+02  0.50000E+00    2     1534     4    -5     T
      401  0.7200000E+02  0.50000E+00    2     1538     4    -5     T
      403  0.7300000E+02  0.50000E+00    2     1542     4    -5     T
      405  0.7400000E+02  0.50000E+00    2     1546     4    -5     T
      407  0.7500000E+02  0.50000E+00    2     1550     4    -5     T
      409  0.7600000E+02  0.50000E+00    2     1554     4    -5     T
      411  0.7700000E+02  0.50000E+00    2     1558     4    -5     T
      413  0.7800000E+02  0.50000E+00    3     1565     4    -5     T
      415  0.7900000E+02  0.50000E+00    2     1570     4    -5     T
      417  0.8000000E+02  0.50000E+00    4     1576     4    -5     T
      419  0.8100000E+02  0.50000E+00    4     1584     4    -5     T
      421  0.8200000E+02  0.50000E+00    3     1591     4    -5     T
      423  0.8300000E+02  0.50000E+00    6     1601     4    -5     T
      425  0.8400000E+02  0.50000E+00    2     1605     4    -5     T
      427  0.8500000E+02  0.50000E+00    6     1615     4    -5     T
      429  0.8600000E+02  0.50000E+00    2     1620     4    -5     T
      431  0.8700000E+02  0.50000E+00    2     1625     4    -5     T
      433  0.8800000E+02  0.50000E+00    3     1630     4    -5     T
      435  0.8900000E+02  0.50000E+00    2     1634     4    -5     T
      437  0.9000000E+02  0.50000E+00    2     1639     4    -5     T
      439  0.9100000E+02  0.50000E+00    2     1643     4    -5     T
      441  0.9200000E+02  0.50000E+00    2     1647     4    -5     T
      443  0.9300000E+02  0.50000E+00    2     1651     4    -5     T
      445  0.9400000E+02  0.50000E+00    2     1655     4    -5     T
      447  0.9500000E+02  0.50000E+00    2     1659     4    -5     T
      449  0.9600000E+02  0.50000E+00    2     1663     4    -5     T
      451  0.9700000E+02  0.50000E+00    2     1667     4    -5     T
      453  0.9800000E+02  0.50000E+00    2     1671     4    -5     T
      455  0.9900000E+02  0.50000E+00    2     1675     4    -5     T
      740  0.1000000E+03  0.56526E-02    4     3026     4    -5     T
      800  0.1010000E+03  0.30217E-01    4     3284     4    -5     T
      834  0.1020000E+03  0.64920E-01    5     3429     4    -5     T
      860  0.1030000E+03  0.19015E-01    2     3551     4    -5     T
      879  0.1040000E+03  0.23879E+00    2     3617     4    -5     T
      888  0.1050000E+03  0.17229E+00    3     3660     4    -5     T
      892  0.1060000E+03  0.30000E+00    3     3674     4    -5     T
      896  0.1070000E+03  0.22222E+00    2     3692     4    -5     T
      904  0.1080000E+03  0.11111E+00    2     3742     4    -5     T
      911  0.1090000E+03  0.17090E+00    3     3768     4    -5     T
      915  0.1100000E+03  0.26667E+00    2     3776     4    -5     T
      917  0.1110000E+03  0.50000E+00    2     3780     4    -5     T
      919  0.1120000E+03  0.50000E+00    5     3787     4    -5     T
      923  0.1130000E+03  0.16667E+00    2     3811     4    -5     T
      926  0.1140000E+03  0.37500E+00    3     3818     4    -5     T
      931  0.1150000E+03  0.15625E+00    2     3845     4    -5     T
      938  0.1160000E+03  0.14648E+00    2     3879     4    -5     T
      945  0.1170000E+03  0.11111E+00    3     3912     4    -5     T
      953  0.1180000E+03  0.12207E+00    2     3948     4    -5     T
      968  0.1190000E+03  0.38894E-01    2     4021     4    -5     T
      975  0.1200000E+03  0.22282E+00    2     4037     4    -5     T
      978  0.1210000E+03  0.37500E+00    3     4044     4    -5     T
      980  0.1220000E+03  0.50000E+00    2     4050     4    -5     T
      982  0.1230000E+03  0.50000E+00    2     4054     4    -5     T
      984  0.1240000E+03  0.50000E+00    2     4058     4    -5     T
      986  0.1250000E+03  0.50000E+00    2     4062     4    -5     T
      988  0.1260000E+03  0.50000E+00    2     4066     4    -5     T
      990  0.1270000E+03  0.50000E+00    2     4070     4    -5     T
      992  0.1280000E+03  0.50000E+00    5     4079     4    -5     T
      996  0.1290000E+03  0.16667E+00    2     4104     4    -5     T
      999  0.1300000E+03  0.37500E+00    2     4110     4    -5     T
     1001  0.1310000E+03  0.50000E+00    2     4114     4    -5     T
     1005  0.1320000E+03  0.16667E+00    2     4138     4    -5     T
     1008  0.1330000E+03  0.37500E+00    4     4146     4    -5     T
     1011  0.1340000E+03  0.33333E+00    4     4161     4    -5     T
     1014  0.1350000E+03  0.37500E+00    2     4169     4    -5     T
     1016  0.1360000E+03  0.50000E+00    4     4177     4    -5     T
     1018  0.1370000E+03  0.50000E+00    2     4181     4    -5     T
     1020  0.1380000E+03  0.50000E+00    2     4185     4    -5     T
     1022  0.1390000E+03  0.50000E+00    2     4189     4    -5     T
     1024  0.1400000E+03  0.50000E+00    2     4193     4    -5     T
     1026  0.1410000E+03  0.50000E+00    2     4197     4    -5     T
     1028  0.1420000E+03  0.50000E+00    2     4201     4    -5     T
     1030  0.1430000E+03  0.50000E+00    2     4205     4    -5     T
     1032  0.1440000E+03  0.50000E+00    2     4209     4    -5     T
     1034  0.1450000E+03  0.50000E+00    2     4213     4    -5     T
     1036  0.1460000E+03  0.50000E+00    2     4217     4    -5     T
     1038  0.1470000E+03  0.50000E+00    2     4221     4    -5     T
     1040  0.1480000E+03  0.50000E+00    2     4225     4    -5     T
     1042  0.1490000E+03  0.50000E+00    2     4229     4    -5     T
     1044  0.1500000E+03  0.50000E+00    2     4233     4    -5     T
     1046  0.1510000E+03  0.50000E+00    2     4237     4    -5     T
     1048  0.1520000E+03  0.50000E+00    2     4241     4    -5     T
     1050  0.1530000E+03  0.50000E+00    2     4245     4    -5     T
     1052  0.1540000E+03  0.50000E+00    2     4249     4    -5     T
     1054  0.1550000E+03  0.50000E+00    2     4253     4    -5     T
     1056  0.1560000E+03  0.50000E+00    2     4257     4    -5     T
     1058  0.1570000E+03  0.50000E+00    2     4261     4    -5     T
     1060  0.1580000E+03  0.50000E+00    2     4265     4    -5     T
     1062  0.1590000E+03  0.50000E+00    2     4269     4    -5     T
     1064  0.1600000E+03  0.50000E+00    3     4274     4    -5     T
     1066  0.1610000E+03  0.50000E+00    2     4278     4    -5     T
     1068  0.1620000E+03  0.50000E+00    2     4283     4    -5     T
     1070  0.1630000E+03  0.50000E+00    2     4288     4    -5     T
     1072  0.1640000E+03  0.50000E+00    4     4296     4    -5     T
     1074  0.1650000E+03  0.50000E+00    4     4304     4    -5     T
     1076  0.1660000E+03  0.50000E+00    4     4311     4    -5     T
     1078  0.1670000E+03  0.50000E+00    3     4320     4    -5     T
     1080  0.1680000E+03  0.50000E+00    3     4325     4    -5     T
     1082  0.1690000E+03  0.50000E+00    4     4331     4    -5     T
     1084  0.1700000E+03  0.50000E+00    3     4338     4    -5     T
     1086  0.1710000E+03  0.50000E+00    2     4342     4    -5     T
     1088  0.1720000E+03  0.50000E+00    2     4346     4    -5     T
     1090  0.1730000E+03  0.50000E+00    2     4350     4    -5     T
     1092  0.1740000E+03  0.50000E+00    2     4354     4    -5     T
     1094  0.1750000E+03  0.50000E+00    2     4358     4    -5     T
     1096  0.1760000E+03  0.50000E+00    2     4362     4    -5     T
     1098  0.1770000E+03  0.50000E+00    2     4366     4    -5     T
     1100  0.1780000E+03  0.50000E+00    2     4370     4    -5     T
     1102  0.1790000E+03  0.50000E+00    2     4374     4    -5     T
     1104  0.1800000E+03  0.50000E+00    2     4378     4    -5     T
     1106  0.1810000E+03  0.50000E+00    2     4382     4    -5     T
     1108  0.1820000E+03  0.50000E+00    2     4386     4    -5     T
     1110  0.1830000E+03  0.50000E+00    2     4390     4    -5     T
     1112  0.1840000E+03  0.50000E+00    2     4394     4    -5     T
     1114  0.1850000E+03  0.50000E+00    2     4398     4    -5     T
     1116  0.1860000E+03  0.50000E+00    2     4402     4    -5     T
     1118  0.1870000E+03  0.50000E+00    2     4406     4    -5     T
     1120  0.1880000E+03  0.50000E+00    2     4410     4    -5     T
     1122  0.1890000E+03  0.50000E+00    2     4414     4    -5     T
     1124  0.1900000E+03  0.50000E+00    2     4418     4    -5     T
     1126  0.1910000E+03  0.50000E+00    2     4422     4    -5     T
     1128  0.1920000E+03  0.50000E+00    2     4426     4    -5     T
     1130  0.1930000E+03  0.50000E+00    2     4430     4    -5     T
     1132  0.1940000E+03  0.50000E+00    2     4434     4    -5     T
     1134  0.1950000E+03  0.50000E+00    2     4438     4    -5     T
     1136  0.1960000E+03  0.50000E+00    2     4442     4    -5     T
     1138  0.1970000E+03  0.50000E+00    2     4446     4    -5     T
     1140  0.1980000E+03  0.50000E+00    2     4450     4    -5     T
     1142  0.1990000E+03  0.50000E+00    2     4454     4    -5     T
     1439  0.2000000E+03  0.81106E-02    5     5825     4    -5     T
     1494  0.2010000E+03  0.19909E-01    2     6072     4    -5     T
     1525  0.2020000E+03  0.43610E-01    2     6198     4    -5     T
     1549  0.2030000E+03  0.36823E-01    2     6308     4    -5     T
     1571  0.2040000E+03  0.45258E-01    2     6395     4    -5     T
     1578  0.2050000E+03  0.17102E+00    4     6419     4    -5     T
     1582  0.2060000E+03  0.31250E+00    3     6428     4    -5     T
     1590  0.2070000E+03  0.49383E-01    2     6470     4    -5     T
     1600  0.2080000E+03  0.10184E+00    2     6513     4    -5     T
     1607  0.2090000E+03  0.19444E+00    2     6539     4    -5     T
     1611  0.2100000E+03  0.26667E+00    2     6547     4    -5     T
     1613  0.2110000E+03  0.50000E+00    2     6551     4    -5     T
     1615  0.2120000E+03  0.50000E+00    2     6556     4    -5     T
     1619  0.2130000E+03  0.16667E+00    2     6575     4    -5     T
     1624  0.2140000E+03  0.12500E+00    2     6595     4    -5     T
     1628  0.2150000E+03  0.26667E+00    3     6604     4    -5     T
     1636  0.2160000E+03  0.78125E-01    2     6651     4    -5     T
     1643  0.2170000E+03  0.14583E+00    2     6675     4    -5     T
     1655  0.2180000E+03  0.10121E+00    2     6729     4    -5     T
     1661  0.2190000E+03  0.23438E+00    2     6747     4    -5     T
     1664  0.2200000E+03  0.37500E+00    2     6753     4    -5     T
     1666  0.2210000E+03  0.50000E+00    4     6760     4    -5     T
     1668  0.2220000E+03  0.50000E+00    2     6764     4    -5     T
     1670  0.2230000E+03  0.50000E+00    2     6768     4    -5     T
     1672  0.2240000E+03  0.50000E+00    2     6772     4    -5     T
     1674  0.2250000E+03  0.50000E+00    2     6776     4    -5     T
     1676  0.2260000E+03  0.50000E+00    2     6780     4    -5     T
     1678  0.2270000E+03  0.50000E+00    4     6786     4    -5     T
     1680  0.2280000E+03  0.50000E+00    6     6795     4    -5     T
     1684  0.2290000E+03  0.31250E+00    4     6816     4    -5     T
     1687  0.2300000E+03  0.37500E+00    4     6827     4    -5     T
     1690  0.2310000E+03  0.44444E+00    4     6841     4    -5     T
     1693  0.2320000E+03  0.44444E+00    4     6855     4    -5     T
     1696  0.2330000E+03  0.33333E+00    4     6867     4    -5     T
     1699  0.2340000E+03  0.33333E+00    2     6873     4    -5     T
     1701  0.2350000E+03  0.50000E+00    2     6877     4    -5     T
     1703  0.2360000E+03  0.50000E+00    2     6881     4    -5     T
     1705  0.2370000E+03  0.50000E+00    2     6885     4    -5     T
     1707  0.2380000E+03  0.50000E+00    2     6889     4    -5     T
     1709  0.2390000E+03  0.50000E+00    2     6893     4    -5     T
     1711  0.2400000E+03  0.50000E+00    2     6897     4    -5     T
     1713  0.2410000E+03  0.50000E+00    2     6901     4    -5     T
     1715  0.2420000E+03  0.50000E+00    2     6905     4    -5     T
     1717  0.2430000E+03  0.50000E+00    2     6909     4    -5     T
     1719  0.2440000E+03  0.50000E+00    2     6913     4    -5     T
     1721  0.2450000E+03  0.50000E+00    2     6917     4    -5     T
     1723  0.2460000E+03  0.50000E+00    2     6921     4    -5     T
     1725  0.2470000E+03  0.50000E+00    2     6925     4    -5     T
     1727  0.2480000E+03  0.50000E+00    2     6929     4    -5     T
     1729  0.2490000E+03  0.50000E+00    2     6933     4    -5     T
     1731  0.2500000E+03  0.50000E+00    2     6937     4    -5     T
     1733  0.2510000E+03  0.50000E+00    2     6941     4    -5     T
     1735  0.2520000E+03  0.50000E+00    2     6945     4    -5     T
     1737  0.2530000E+03  0.50000E+00    2     6949     4    -5     T
     1739  0.2540000E+03  0.50000E+00    2     6953     4    -5     T
     1741  0.2550000E+03  0.50000E+00    2     6957     4    -5     T
     1743  0.2560000E+03  0.50000E+00    2     6961     4    -5     T
     1745  0.2570000E+03  0.50000E+00    3     6966     4    -5     T
     1747  0.2580000E+03  0.50000E+00    2     6970     4    -5     T
     1749  0.2590000E+03  0.50000E+00    4     6978     4    -5     T
     1751  0.2600000E+03  0.50000E+00    3     6984     4    -5     T
     1753  0.2610000E+03  0.50000E+00    3     6989     4    -5     T
     1755  0.2620000E+03  0.50000E+00    3     6994     4    -5     T
     1757  0.2630000E+03  0.50000E+00    3     6999     4    -5     T
     1759  0.2640000E+03  0.50000E+00    2     7004     4    -5     T
     1761  0.2650000E+03  0.50000E+00    4     7010     4    -5     T
     1763  0.2660000E+03  0.50000E+00    2     7015     4    -5     T
     1765  0.2670000E+03  0.50000E+00    2     7019     4    -5     T
     1767  0.2680000E+03  0.50000E+00    2     7023     4    -5     T
     1769  0.2690000E+03  0.50000E+00    2     7027     4    -5     T
     1771  0.2700000E+03  0.50000E+00    2     7031     4    -5     T
     1773  0.2710000E+03  0.50000E+00    2     7035     4    -5     T
     1775  0.2720000E+03  0.50000E+00    2     7039     4    -5     T
     1777  0.2730000E+03  0.50000E+00    2     7043     4    -5     T
     1779  0.2740000E+03  0.50000E+00    2     7047     4    -5     T
     1781  0.2750000E+03  0.50000E+00    2     7051     4    -5     T
     1783  0.2760000E+03  0.50000E+00    2     7055     4    -5     T
     1785  0.2770000E+03  0.50000E+00    2     7059     4    -5     T
     1787  0.2780000E+03  0.50000E+00    2     7063     4    -5     T
     1789  0.2790000E+03  0.50000E+00    2     7067     4    -5     T
     1791  0.2800000E+03  0.50000E+00    2     7071     4    -5     T
     1793  0.2810000E+03  0.50000E+00    2     7075     4    -5     T
     1795  0.2820000E+03  0.50000E+00    2     7079     4    -5     T
     1797  0.2830000E+03  0.50000E+00    2     7083     4    -5     T
     1799  0.2840000E+03  0.50000E+00    2     7087     4    -5     T
     1801  0.2850000E+03  0.50000E+00    2     7091     4    -5     T
     1803  0.2860000E+03  0.50000E+00    2     7095     4    -5     T
     1805  0.2870000E+03  0.50000E+00    2     7099     4    -5     T
     1807  0.2880000E+03  0.50000E+00    2     7103     4    -5     T
     1809  0.2890000E+03  0.50000E+00    2     7107     4    -5     T
     1811  0.2900000E+03  0.50000E+00    2     7111     4    -5     T
     1813  0.2910000E+03  0.50000E+00    2     7115     4    -5     T
     1815  0.2920000E+03  0.50000E+00    2     7119     4    -5     T
     1817  0.2930000E+03  0.50000E+00    2     7123     4    -5     T
     1819  0.2940000E+03  0.50000E+00    2     7127     4    -5     T
     1821  0.2950000E+03  0.50000E+00    2     7131     4    -5     T
     1823  0.2960000E+03  0.50000E+00    2     7135     4    -5     T
     1825  0.2970000E+03  0.50000E+00    2     7139     4    -5     T
     1827  0.2980000E+03  0.50000E+00    2     7143     4    -5     T
     1829  0.2990000E+03  0.50000E+00    2     7147     4    -5     T
     1831  0.3000000E+03  0.50000E+00    2     7151     4    -5     T
     1833  0.3010000E+03  0.50000E+00    2     7155     4    -5     T
     1835  0.3020000E+03  0.50000E+00    2     7159     4    -5     T
     1837  0.3030000E+03  0.50000E+00    2     7163     4    -5     T
     1839  0.3040000E+03  0.50000E+00    2     7167     4    -5     T
     1841  0.3050000E+03  0.50000E+00    2     7171     4    -5     T
     1843  0.3060000E+03  0.50000E+00    2     7175     4    -5     T
     1845  0.3070000E+03  0.50000E+00    2     7179     4    -5     T
     1847  0.3080000E+03  0.50000E+00    2     7183     4    -5     T
     1849  0.3090000E+03  0.50000E+00    2     7187     4    -5     T
     1851  0.3100000E+03  0.50000E+00    2     7191     4    -5     T
     1853  0.3110000E+03  0.50000E+00    2     7195     4    -5     T
     1855  0.3120000E+03  0.50000E+00    2     7199     4    -5     T
     1857  0.3130000E+03  0.50000E+00    2     7203     4    -5     T
     1859  0.3140000E+03  0.50000E+00    2     7207     4    -5     T
     1861  0.3150000E+03  0.50000E+00    2     7211     4    -5     T
     1863  0.3160000E+03  0.50000E+00    2     7215     4    -5     T
     1865  0.3170000E+03  0.50000E+00    2     7219     4    -5     T
     1867  0.3180000E+03  0.50000E+00    2     7223     4    -5     T
     1869  0.3190000E+03  0.50000E+00    2     7227     4    -5     T
     1871  0.3200000E+03  0.50000E+00    2     7231     4    -5     T
     1873  0.3210000E+03  0.50000E+00    2     7235     4    -5     T
     1875  0.3220000E+03  0.50000E+00    2     7239     4    -5     T
     1877  0.3230000E+03  0.50000E+00    2     7243     4    -5     T
     1879  0.3240000E+03  0.50000E+00    2     7247     4    -5     T
     1881  0.3250000E+03  0.50000E+00    2     7251     4    -5     T
     1883  0.3260000E+03  0.50000E+00    2     7255     4    -5     T
     1885  0.3270000E+03  0.50000E+00    2     7259     4    -5     T
     1887  0.3280000E+03  0.50000E+00    2     7263     4    -5     T
     1889  0.3290000E+03  0.50000E+00    2     7267     4    -5     T
     1891  0.3300000E+03  0.50000E+00    2     7271     4    -5     T
     1893  0.3310000E+03  0.50000E+00    2     7275     4    -5     T
     1895  0.3320000E+03  0.50000E+00    2     7279     4    -5     T
     1897  0.3330000E+03  0.50000E+00    2     7283     4    -5     T
     1899  0.3340000E+03  0.50000E+00    2     7287     4    -5     T
     1901  0.3350000E+03  0.50000E+00    2     7291     4    -5     T
     1903  0.3360000E+03  0.50000E+00    2     7295     4    -5     T
     1905  0.3370000E+03  0.50000E+00    2     7299     4    -5     T
     1907  0.3380000E+03  0.50000E+00    2     7303     4    -5     T
     1909  0.3390000E+03  0.50000E+00    2     7307     4    -5     T
     1911  0.3400000E+03  0.50000E+00    2     7311     4    -5     T
     1913  0.3410000E+03  0.50000E+00    2     7315     4    -5     T
     1915  0.3420000E+03  0.50000E+00    2     7319     4    -5     T
     1917  0.3430000E+03  0.50000E+00    2     7323     4    -5     T
     1919  0.3440000E+03  0.50000E+00    2     7327     4    -5     T
     1921  0.3450000E+03  0.50000E+00    2     7331     4    -5     T
     1923  0.3460000E+03  0.50000E+00    2     7335     4    -5     T
     1925  0.3470000E+03  0.50000E+00    2     7339     4    -5     T
     1927  0.3480000E+03  0.50000E+00    2     7343     4    -5     T
     1929  0.3490000E+03  0.50000E+00    2     7347     4    -5     T
     1931  0.3500000E+03  0.50000E+00    2     7351     4    -5     T
     1933  0.3510000E+03  0.50000E+00    2     7355     4    -5     T
     1935  0.3520000E+03  0.50000E+00    2     7359     4    -5     T
     1937  0.3530000E+03  0.50000E+00    2     7363     4    -5     T
     1939  0.3540000E+03  0.50000E+00    2     7367     4    -5     T
     1941  0.3550000E+03  0.50000E+00    2     7371     4    -5     T
     1943  0.3560000E+03  0.50000E+00    2     7375     4    -5     T
     1945  0.3570000E+03  0.50000E+00    2     7379     4    -5     T
     1947  0.3580000E+03  0.50000E+00    2     7383     4    -5     T
     1949  0.3590000E+03  0.50000E+00    2     7387     4    -5     T
     1951  0.3600000E+03  0.50000E+00    2     7391     4    -5     T
     1953  0.3610000E+03  0.50000E+00    2     7395     4    -5     T
     1955  0.3620000E+03  0.50000E+00    2     7399     4    -5     T
     1957  0.3630000E+03  0.50000E+00    2     7403     4    -5     T
     1959  0.3640000E+03  0.50000E+00    2     7407     4    -5     T
     1961  0.3650000E+03  0.50000E+00    2     7411     4    -5     T
end
